[Thu Apr 30 18:54:47.032155 2020] [mpm_winnt:notice] [pid 8368:tid 328] AH00455: Apache/2.4.43 (Win32) PHP/7.4.5 configured -- resuming normal operations
[Thu Apr 30 18:54:47.032155 2020] [mpm_winnt:notice] [pid 8368:tid 328] AH00456: Apache Lounge VC15 Server built: Apr  1 2020 11:02:44
[Thu Apr 30 18:54:47.032155 2020] [core:notice] [pid 8368:tid 328] AH00094: Command line: 'D:\\Personal\\UniformServer\\Test\\UniServerZ\\core\\apache2\\bin\\httpd_z.exe -d D:/Personal/UniformServer/Test/UniServerZ/core/apache2 -f D:\\Personal\\UniformServer\\Test\\UniServerZ\\core\\apache2\\conf\\httpd.conf -d D:\\Personal\\UniformServer\\Test\\UniServerZ\\core\\apache2'
[Thu Apr 30 18:54:47.048155 2020] [mpm_winnt:notice] [pid 8368:tid 328] AH00418: Parent: Created child process 11176
[Thu Apr 30 18:54:50.112158 2020] [mpm_winnt:notice] [pid 11176:tid 528] AH00354: Child: Starting 150 worker threads.
[Tue Jan 19 13:14:03.532528 2021] [core:warn] [pid 10744:tid 732] AH00098: pid file C:/Users/SilEm147/Documents/1CLI/MAIOU/UniServerZ/core/apache2/logs/httpd.pid overwritten -- Unclean shutdown of previous Apache run?
[Tue Jan 19 13:14:03.564443 2021] [mpm_winnt:notice] [pid 10744:tid 732] AH00455: Apache/2.4.43 (Win32) PHP/7.4.5 configured -- resuming normal operations
[Tue Jan 19 13:14:03.564443 2021] [mpm_winnt:notice] [pid 10744:tid 732] AH00456: Apache Lounge VC15 Server built: Apr  1 2020 11:02:44
[Tue Jan 19 13:14:03.564443 2021] [core:notice] [pid 10744:tid 732] AH00094: Command line: 'C:\\Users\\SilEm147\\Documents\\1CLI\\MAIOU\\UniServerZ\\core\\apache2\\bin\\httpd_z.exe -d C:/Users/SilEm147/Documents/1CLI/MAIOU/UniServerZ/core/apache2 -f C:\\Users\\SilEm147\\Documents\\1CLI\\MAIOU\\UniServerZ\\core\\apache2\\conf\\httpd.conf -d C:\\Users\\SilEm147\\Documents\\1CLI\\MAIOU\\UniServerZ\\core\\apache2'
[Tue Jan 19 13:14:03.567436 2021] [mpm_winnt:notice] [pid 10744:tid 732] AH00418: Parent: Created child process 824
[Tue Jan 19 13:14:04.607594 2021] [mpm_winnt:notice] [pid 824:tid 832] AH00354: Child: Starting 150 worker threads.
[Tue Jan 19 13:21:38.721020 2021] [core:warn] [pid 21132:tid 768] AH00098: pid file C:/Users/SilEm147/Documents/1CLI/MAIOU/UniServerZ/core/apache2/logs/httpd.pid overwritten -- Unclean shutdown of previous Apache run?
[Tue Jan 19 13:21:38.740967 2021] [mpm_winnt:notice] [pid 21132:tid 768] AH00455: Apache/2.4.43 (Win32) PHP/7.4.5 configured -- resuming normal operations
[Tue Jan 19 13:21:38.740967 2021] [mpm_winnt:notice] [pid 21132:tid 768] AH00456: Apache Lounge VC15 Server built: Apr  1 2020 11:02:44
[Tue Jan 19 13:21:38.740967 2021] [core:notice] [pid 21132:tid 768] AH00094: Command line: 'C:\\Users\\SilEm147\\Documents\\1CLI\\MAIOU\\UniServerZ\\core\\apache2\\bin\\httpd_z.exe -d C:/Users/SilEm147/Documents/1CLI/MAIOU/UniServerZ/core/apache2 -f C:\\Users\\SilEm147\\Documents\\1CLI\\MAIOU\\UniServerZ\\core\\apache2\\conf\\httpd.conf -d C:\\Users\\SilEm147\\Documents\\1CLI\\MAIOU\\UniServerZ\\core\\apache2'
[Tue Jan 19 13:21:38.743959 2021] [mpm_winnt:notice] [pid 21132:tid 768] AH00418: Parent: Created child process 12800
[Tue Jan 19 13:21:39.903814 2021] [mpm_winnt:notice] [pid 12800:tid 752] AH00354: Child: Starting 150 worker threads.
[Tue Jan 19 13:21:39.910793 2021] [php7:error] [pid 12800:tid 1924] [client ::1:13962] script 'C:/Users/SilEm147/Documents/1CLI/MAIOU/UniServerZ/www/index.php' not found or unable to stat
[Tue Feb 02 13:18:46.462533 2021] [core:warn] [pid 17764:tid 740] AH00098: pid file C:/Users/SilEm147/Documents/1CLI/MAIOU/UniServerZ/core/apache2/logs/httpd.pid overwritten -- Unclean shutdown of previous Apache run?
[Tue Feb 02 13:18:46.705008 2021] [mpm_winnt:notice] [pid 17764:tid 740] AH00455: Apache/2.4.43 (Win32) PHP/7.4.5 configured -- resuming normal operations
[Tue Feb 02 13:18:46.705008 2021] [mpm_winnt:notice] [pid 17764:tid 740] AH00456: Apache Lounge VC15 Server built: Apr  1 2020 11:02:44
[Tue Feb 02 13:18:46.705008 2021] [core:notice] [pid 17764:tid 740] AH00094: Command line: 'C:\\Users\\SilEm147\\Documents\\1CLI\\MAIOU\\UniServerZ\\core\\apache2\\bin\\httpd_z.exe -d C:/Users/SilEm147/Documents/1CLI/MAIOU/UniServerZ/core/apache2 -f C:\\Users\\SilEm147\\Documents\\1CLI\\MAIOU\\UniServerZ\\core\\apache2\\conf\\httpd.conf -d C:\\Users\\SilEm147\\Documents\\1CLI\\MAIOU\\UniServerZ\\core\\apache2'
[Tue Feb 02 13:18:46.708001 2021] [mpm_winnt:notice] [pid 17764:tid 740] AH00418: Parent: Created child process 3040
[Tue Feb 02 13:18:47.562169 2021] [mpm_winnt:notice] [pid 3040:tid 632] AH00354: Child: Starting 150 worker threads.
[Tue Feb 02 13:18:47.571241 2021] [php7:error] [pid 3040:tid 1924] [client ::1:1667] script 'C:/Users/SilEm147/Documents/1CLI/MAIOU/UniServerZ/www/index.php' not found or unable to stat
[Tue Feb 02 13:37:27.268013 2021] [php7:error] [pid 3040:tid 1908] [client ::1:3845] PHP Parse error:  syntax error, unexpected end of file in C:\\Users\\SilEm147\\Documents\\1CLI\\MAIOU\\UniServerZ\\www\\index.php on line 117, referer: http://localhost/
[Tue Feb 02 13:40:27.952277 2021] [php7:notice] [pid 3040:tid 1916] [client ::1:3876] PHP Notice:  Undefined variable: fname in C:\\Users\\SilEm147\\Documents\\1CLI\\MAIOU\\UniServerZ\\www\\index.php on line 70, referer: http://localhost/
[Tue Feb 02 13:40:27.952277 2021] [php7:notice] [pid 3040:tid 1916] [client ::1:3876] PHP Notice:  Undefined variable: lname in C:\\Users\\SilEm147\\Documents\\1CLI\\MAIOU\\UniServerZ\\www\\index.php on line 73, referer: http://localhost/
[Tue Feb 02 13:40:44.648915 2021] [php7:notice] [pid 3040:tid 1908] [client ::1:4040] PHP Notice:  Undefined variable: fname in C:\\Users\\SilEm147\\Documents\\1CLI\\MAIOU\\UniServerZ\\www\\index.php on line 70, referer: http://localhost/
[Tue Feb 02 13:40:44.648915 2021] [php7:notice] [pid 3040:tid 1908] [client ::1:4040] PHP Notice:  Undefined variable: fnameErr in C:\\Users\\SilEm147\\Documents\\1CLI\\MAIOU\\UniServerZ\\www\\index.php on line 71, referer: http://localhost/
[Tue Feb 02 13:40:44.648915 2021] [php7:notice] [pid 3040:tid 1908] [client ::1:4040] PHP Notice:  Undefined variable: lname in C:\\Users\\SilEm147\\Documents\\1CLI\\MAIOU\\UniServerZ\\www\\index.php on line 73, referer: http://localhost/
[Tue Feb 02 13:40:44.649940 2021] [php7:notice] [pid 3040:tid 1908] [client ::1:4040] PHP Notice:  Undefined variable: lnameErr in C:\\Users\\SilEm147\\Documents\\1CLI\\MAIOU\\UniServerZ\\www\\index.php on line 74, referer: http://localhost/
[Tue Feb 02 13:42:36.103470 2021] [php7:notice] [pid 3040:tid 1908] [client ::1:4404] PHP Notice:  Undefined variable: fname in C:\\Users\\SilEm147\\Documents\\1CLI\\MAIOU\\UniServerZ\\www\\index.php on line 70
[Tue Feb 02 13:42:36.103470 2021] [php7:notice] [pid 3040:tid 1908] [client ::1:4404] PHP Notice:  Undefined variable: fnameErr in C:\\Users\\SilEm147\\Documents\\1CLI\\MAIOU\\UniServerZ\\www\\index.php on line 71
[Tue Feb 02 13:42:36.103470 2021] [php7:notice] [pid 3040:tid 1908] [client ::1:4404] PHP Notice:  Undefined variable: lname in C:\\Users\\SilEm147\\Documents\\1CLI\\MAIOU\\UniServerZ\\www\\index.php on line 73
[Tue Feb 02 13:42:36.103470 2021] [php7:notice] [pid 3040:tid 1908] [client ::1:4404] PHP Notice:  Undefined variable: lnameErr in C:\\Users\\SilEm147\\Documents\\1CLI\\MAIOU\\UniServerZ\\www\\index.php on line 74
[Tue Feb 02 13:42:36.109454 2021] [php7:notice] [pid 3040:tid 1908] [client ::1:4404] PHP Notice:  Undefined variable: fname in C:\\Users\\SilEm147\\Documents\\1CLI\\MAIOU\\UniServerZ\\www\\index.php on line 70
[Tue Feb 02 13:42:36.109454 2021] [php7:notice] [pid 3040:tid 1908] [client ::1:4404] PHP Notice:  Undefined variable: fnameErr in C:\\Users\\SilEm147\\Documents\\1CLI\\MAIOU\\UniServerZ\\www\\index.php on line 71
[Tue Feb 02 13:42:36.109454 2021] [php7:notice] [pid 3040:tid 1908] [client ::1:4404] PHP Notice:  Undefined variable: lname in C:\\Users\\SilEm147\\Documents\\1CLI\\MAIOU\\UniServerZ\\www\\index.php on line 73
[Tue Feb 02 13:42:36.109454 2021] [php7:notice] [pid 3040:tid 1908] [client ::1:4404] PHP Notice:  Undefined variable: lnameErr in C:\\Users\\SilEm147\\Documents\\1CLI\\MAIOU\\UniServerZ\\www\\index.php on line 74
[Tue Feb 02 13:42:36.114605 2021] [php7:notice] [pid 3040:tid 1908] [client ::1:4404] PHP Notice:  Undefined variable: fname in C:\\Users\\SilEm147\\Documents\\1CLI\\MAIOU\\UniServerZ\\www\\index.php on line 70
[Tue Feb 02 13:42:36.114605 2021] [php7:notice] [pid 3040:tid 1908] [client ::1:4404] PHP Notice:  Undefined variable: fnameErr in C:\\Users\\SilEm147\\Documents\\1CLI\\MAIOU\\UniServerZ\\www\\index.php on line 71
[Tue Feb 02 13:42:36.114605 2021] [php7:notice] [pid 3040:tid 1908] [client ::1:4404] PHP Notice:  Undefined variable: lname in C:\\Users\\SilEm147\\Documents\\1CLI\\MAIOU\\UniServerZ\\www\\index.php on line 73
[Tue Feb 02 13:42:36.114605 2021] [php7:notice] [pid 3040:tid 1908] [client ::1:4404] PHP Notice:  Undefined variable: lnameErr in C:\\Users\\SilEm147\\Documents\\1CLI\\MAIOU\\UniServerZ\\www\\index.php on line 74
[Tue Feb 02 13:42:36.120089 2021] [php7:notice] [pid 3040:tid 1908] [client ::1:4404] PHP Notice:  Undefined variable: fname in C:\\Users\\SilEm147\\Documents\\1CLI\\MAIOU\\UniServerZ\\www\\index.php on line 70
[Tue Feb 02 13:42:36.121086 2021] [php7:notice] [pid 3040:tid 1908] [client ::1:4404] PHP Notice:  Undefined variable: fnameErr in C:\\Users\\SilEm147\\Documents\\1CLI\\MAIOU\\UniServerZ\\www\\index.php on line 71
[Tue Feb 02 13:42:36.121086 2021] [php7:notice] [pid 3040:tid 1908] [client ::1:4404] PHP Notice:  Undefined variable: lname in C:\\Users\\SilEm147\\Documents\\1CLI\\MAIOU\\UniServerZ\\www\\index.php on line 73
[Tue Feb 02 13:42:36.121086 2021] [php7:notice] [pid 3040:tid 1908] [client ::1:4404] PHP Notice:  Undefined variable: lnameErr in C:\\Users\\SilEm147\\Documents\\1CLI\\MAIOU\\UniServerZ\\www\\index.php on line 74
[Tue Feb 02 13:44:53.294206 2021] [php7:notice] [pid 3040:tid 1916] [client ::1:4891] PHP Notice:  Undefined variable: fname in C:\\Users\\SilEm147\\Documents\\1CLI\\MAIOU\\UniServerZ\\www\\index.php on line 70, referer: http://localhost/
[Tue Feb 02 13:44:53.294206 2021] [php7:notice] [pid 3040:tid 1916] [client ::1:4891] PHP Notice:  Undefined variable: fnameErr in C:\\Users\\SilEm147\\Documents\\1CLI\\MAIOU\\UniServerZ\\www\\index.php on line 71, referer: http://localhost/
[Tue Feb 02 13:44:53.294206 2021] [php7:notice] [pid 3040:tid 1916] [client ::1:4891] PHP Notice:  Undefined variable: lname in C:\\Users\\SilEm147\\Documents\\1CLI\\MAIOU\\UniServerZ\\www\\index.php on line 73, referer: http://localhost/
[Tue Feb 02 13:44:53.294206 2021] [php7:notice] [pid 3040:tid 1916] [client ::1:4891] PHP Notice:  Undefined variable: lnameErr in C:\\Users\\SilEm147\\Documents\\1CLI\\MAIOU\\UniServerZ\\www\\index.php on line 74, referer: http://localhost/
[Tue Feb 02 13:45:25.806005 2021] [php7:notice] [pid 3040:tid 1908] [client ::1:4892] PHP Notice:  Undefined variable: fname in C:\\Users\\SilEm147\\Documents\\1CLI\\MAIOU\\UniServerZ\\www\\index.php on line 65, referer: http://localhost/
[Tue Feb 02 13:45:25.806005 2021] [php7:notice] [pid 3040:tid 1908] [client ::1:4892] PHP Notice:  Undefined variable: fnameErr in C:\\Users\\SilEm147\\Documents\\1CLI\\MAIOU\\UniServerZ\\www\\index.php on line 66, referer: http://localhost/
[Tue Feb 02 13:45:25.806005 2021] [php7:notice] [pid 3040:tid 1908] [client ::1:4892] PHP Notice:  Undefined variable: lname in C:\\Users\\SilEm147\\Documents\\1CLI\\MAIOU\\UniServerZ\\www\\index.php on line 68, referer: http://localhost/
[Tue Feb 02 13:45:25.806005 2021] [php7:notice] [pid 3040:tid 1908] [client ::1:4892] PHP Notice:  Undefined variable: lnameErr in C:\\Users\\SilEm147\\Documents\\1CLI\\MAIOU\\UniServerZ\\www\\index.php on line 69, referer: http://localhost/
[Tue Feb 02 13:45:25.806005 2021] [php7:notice] [pid 3040:tid 1908] [client ::1:4892] PHP Notice:  Undefined variable: comment in C:\\Users\\SilEm147\\Documents\\1CLI\\MAIOU\\UniServerZ\\www\\index.php on line 94, referer: http://localhost/
[Tue Feb 02 13:46:02.683694 2021] [php7:notice] [pid 3040:tid 1916] [client ::1:5065] PHP Notice:  Undefined variable: fname in C:\\Users\\SilEm147\\Documents\\1CLI\\MAIOU\\UniServerZ\\www\\index.php on line 57, referer: http://localhost/
[Tue Feb 02 13:46:02.683694 2021] [php7:notice] [pid 3040:tid 1916] [client ::1:5065] PHP Notice:  Undefined variable: fnameErr in C:\\Users\\SilEm147\\Documents\\1CLI\\MAIOU\\UniServerZ\\www\\index.php on line 58, referer: http://localhost/
[Tue Feb 02 13:46:02.683694 2021] [php7:notice] [pid 3040:tid 1916] [client ::1:5065] PHP Notice:  Undefined variable: lname in C:\\Users\\SilEm147\\Documents\\1CLI\\MAIOU\\UniServerZ\\www\\index.php on line 60, referer: http://localhost/
[Tue Feb 02 13:46:02.683694 2021] [php7:notice] [pid 3040:tid 1916] [client ::1:5065] PHP Notice:  Undefined variable: lnameErr in C:\\Users\\SilEm147\\Documents\\1CLI\\MAIOU\\UniServerZ\\www\\index.php on line 61, referer: http://localhost/
[Tue Feb 02 13:46:02.683694 2021] [php7:notice] [pid 3040:tid 1916] [client ::1:5065] PHP Notice:  Undefined variable: website in C:\\Users\\SilEm147\\Documents\\1CLI\\MAIOU\\UniServerZ\\www\\index.php on line 81, referer: http://localhost/
[Tue Feb 02 13:46:02.683694 2021] [php7:notice] [pid 3040:tid 1916] [client ::1:5065] PHP Notice:  Undefined variable: comment in C:\\Users\\SilEm147\\Documents\\1CLI\\MAIOU\\UniServerZ\\www\\index.php on line 83, referer: http://localhost/
[Tue Feb 02 13:46:10.356871 2021] [php7:notice] [pid 3040:tid 1908] [client ::1:5078] PHP Notice:  Undefined variable: fname in C:\\Users\\SilEm147\\Documents\\1CLI\\MAIOU\\UniServerZ\\www\\index.php on line 57, referer: http://localhost/index.php
[Tue Feb 02 13:46:10.356871 2021] [php7:notice] [pid 3040:tid 1908] [client ::1:5078] PHP Notice:  Undefined variable: fnameErr in C:\\Users\\SilEm147\\Documents\\1CLI\\MAIOU\\UniServerZ\\www\\index.php on line 58, referer: http://localhost/index.php
[Tue Feb 02 13:46:10.356871 2021] [php7:notice] [pid 3040:tid 1908] [client ::1:5078] PHP Notice:  Undefined variable: lname in C:\\Users\\SilEm147\\Documents\\1CLI\\MAIOU\\UniServerZ\\www\\index.php on line 60, referer: http://localhost/index.php
[Tue Feb 02 13:46:10.356871 2021] [php7:notice] [pid 3040:tid 1908] [client ::1:5078] PHP Notice:  Undefined variable: lnameErr in C:\\Users\\SilEm147\\Documents\\1CLI\\MAIOU\\UniServerZ\\www\\index.php on line 61, referer: http://localhost/index.php
[Tue Feb 02 13:46:10.356871 2021] [php7:notice] [pid 3040:tid 1908] [client ::1:5078] PHP Notice:  Undefined variable: website in C:\\Users\\SilEm147\\Documents\\1CLI\\MAIOU\\UniServerZ\\www\\index.php on line 81, referer: http://localhost/index.php
[Tue Feb 02 13:46:10.356871 2021] [php7:notice] [pid 3040:tid 1908] [client ::1:5078] PHP Notice:  Undefined variable: comment in C:\\Users\\SilEm147\\Documents\\1CLI\\MAIOU\\UniServerZ\\www\\index.php on line 83, referer: http://localhost/index.php
[Tue Feb 02 13:47:15.239484 2021] [php7:notice] [pid 3040:tid 1916] [client ::1:5082] PHP Notice:  Undefined variable: fname in C:\\Users\\SilEm147\\Documents\\1CLI\\MAIOU\\UniServerZ\\www\\index.php on line 57, referer: http://localhost/index.php
[Tue Feb 02 13:47:15.239484 2021] [php7:notice] [pid 3040:tid 1916] [client ::1:5082] PHP Notice:  Undefined variable: lname in C:\\Users\\SilEm147\\Documents\\1CLI\\MAIOU\\UniServerZ\\www\\index.php on line 60, referer: http://localhost/index.php
[Tue Feb 02 13:47:15.239484 2021] [php7:notice] [pid 3040:tid 1916] [client ::1:5082] PHP Notice:  Undefined variable: lnameErr in C:\\Users\\SilEm147\\Documents\\1CLI\\MAIOU\\UniServerZ\\www\\index.php on line 61, referer: http://localhost/index.php
[Tue Feb 02 13:47:15.239484 2021] [php7:notice] [pid 3040:tid 1916] [client ::1:5082] PHP Notice:  Undefined variable: website in C:\\Users\\SilEm147\\Documents\\1CLI\\MAIOU\\UniServerZ\\www\\index.php on line 81, referer: http://localhost/index.php
[Tue Feb 02 13:47:15.239484 2021] [php7:notice] [pid 3040:tid 1916] [client ::1:5082] PHP Notice:  Undefined variable: comment in C:\\Users\\SilEm147\\Documents\\1CLI\\MAIOU\\UniServerZ\\www\\index.php on line 83, referer: http://localhost/index.php
[Tue Feb 02 13:47:18.166988 2021] [php7:notice] [pid 3040:tid 1916] [client ::1:5082] PHP Notice:  Undefined variable: fname in C:\\Users\\SilEm147\\Documents\\1CLI\\MAIOU\\UniServerZ\\www\\index.php on line 57, referer: http://localhost/index.php
[Tue Feb 02 13:47:18.166988 2021] [php7:notice] [pid 3040:tid 1916] [client ::1:5082] PHP Notice:  Undefined variable: lname in C:\\Users\\SilEm147\\Documents\\1CLI\\MAIOU\\UniServerZ\\www\\index.php on line 60, referer: http://localhost/index.php
[Tue Feb 02 13:47:18.166988 2021] [php7:notice] [pid 3040:tid 1916] [client ::1:5082] PHP Notice:  Undefined variable: lnameErr in C:\\Users\\SilEm147\\Documents\\1CLI\\MAIOU\\UniServerZ\\www\\index.php on line 61, referer: http://localhost/index.php
[Tue Feb 02 13:47:18.166988 2021] [php7:notice] [pid 3040:tid 1916] [client ::1:5082] PHP Notice:  Undefined variable: website in C:\\Users\\SilEm147\\Documents\\1CLI\\MAIOU\\UniServerZ\\www\\index.php on line 81, referer: http://localhost/index.php
[Tue Feb 02 13:47:18.166988 2021] [php7:notice] [pid 3040:tid 1916] [client ::1:5082] PHP Notice:  Undefined variable: comment in C:\\Users\\SilEm147\\Documents\\1CLI\\MAIOU\\UniServerZ\\www\\index.php on line 83, referer: http://localhost/index.php
[Tue Feb 02 13:47:20.190264 2021] [php7:notice] [pid 3040:tid 1916] [client ::1:5082] PHP Notice:  Undefined variable: lname in C:\\Users\\SilEm147\\Documents\\1CLI\\MAIOU\\UniServerZ\\www\\index.php on line 60, referer: http://localhost/index.php
[Tue Feb 02 13:47:20.190264 2021] [php7:notice] [pid 3040:tid 1916] [client ::1:5082] PHP Notice:  Undefined variable: lnameErr in C:\\Users\\SilEm147\\Documents\\1CLI\\MAIOU\\UniServerZ\\www\\index.php on line 61, referer: http://localhost/index.php
[Tue Feb 02 13:47:20.190264 2021] [php7:notice] [pid 3040:tid 1916] [client ::1:5082] PHP Notice:  Undefined variable: website in C:\\Users\\SilEm147\\Documents\\1CLI\\MAIOU\\UniServerZ\\www\\index.php on line 81, referer: http://localhost/index.php
[Tue Feb 02 13:47:20.190264 2021] [php7:notice] [pid 3040:tid 1916] [client ::1:5082] PHP Notice:  Undefined variable: comment in C:\\Users\\SilEm147\\Documents\\1CLI\\MAIOU\\UniServerZ\\www\\index.php on line 83, referer: http://localhost/index.php
[Tue Feb 02 13:47:54.122327 2021] [php7:notice] [pid 3040:tid 1908] [client ::1:5084] PHP Notice:  Undefined variable: lname in C:\\Users\\SilEm147\\Documents\\1CLI\\MAIOU\\UniServerZ\\www\\index.php on line 60, referer: http://localhost/index.php
[Tue Feb 02 13:47:54.122327 2021] [php7:notice] [pid 3040:tid 1908] [client ::1:5084] PHP Notice:  Undefined variable: lnameErr in C:\\Users\\SilEm147\\Documents\\1CLI\\MAIOU\\UniServerZ\\www\\index.php on line 61, referer: http://localhost/index.php
[Tue Feb 02 13:47:54.122327 2021] [php7:notice] [pid 3040:tid 1908] [client ::1:5084] PHP Notice:  Undefined variable: website in C:\\Users\\SilEm147\\Documents\\1CLI\\MAIOU\\UniServerZ\\www\\index.php on line 81, referer: http://localhost/index.php
[Tue Feb 02 13:47:54.122327 2021] [php7:notice] [pid 3040:tid 1908] [client ::1:5084] PHP Notice:  Undefined variable: comment in C:\\Users\\SilEm147\\Documents\\1CLI\\MAIOU\\UniServerZ\\www\\index.php on line 83, referer: http://localhost/index.php
[Tue Feb 02 13:47:57.039860 2021] [php7:notice] [pid 3040:tid 1908] [client ::1:5084] PHP Notice:  Undefined variable: lname in C:\\Users\\SilEm147\\Documents\\1CLI\\MAIOU\\UniServerZ\\www\\index.php on line 60, referer: http://localhost/index.php
[Tue Feb 02 13:47:57.039860 2021] [php7:notice] [pid 3040:tid 1908] [client ::1:5084] PHP Notice:  Undefined variable: lnameErr in C:\\Users\\SilEm147\\Documents\\1CLI\\MAIOU\\UniServerZ\\www\\index.php on line 61, referer: http://localhost/index.php
[Tue Feb 02 13:47:57.039860 2021] [php7:notice] [pid 3040:tid 1908] [client ::1:5084] PHP Notice:  Undefined variable: website in C:\\Users\\SilEm147\\Documents\\1CLI\\MAIOU\\UniServerZ\\www\\index.php on line 81, referer: http://localhost/index.php
[Tue Feb 02 13:47:57.039860 2021] [php7:notice] [pid 3040:tid 1908] [client ::1:5084] PHP Notice:  Undefined variable: comment in C:\\Users\\SilEm147\\Documents\\1CLI\\MAIOU\\UniServerZ\\www\\index.php on line 83, referer: http://localhost/index.php
[Tue Feb 02 13:48:54.205549 2021] [php7:notice] [pid 3040:tid 1916] [client ::1:5088] PHP Notice:  Undefined variable: lname in C:\\Users\\SilEm147\\Documents\\1CLI\\MAIOU\\UniServerZ\\www\\index.php on line 60, referer: http://localhost/index.php
[Tue Feb 02 13:48:54.205549 2021] [php7:notice] [pid 3040:tid 1916] [client ::1:5088] PHP Notice:  Undefined variable: lnameErr in C:\\Users\\SilEm147\\Documents\\1CLI\\MAIOU\\UniServerZ\\www\\index.php on line 61, referer: http://localhost/index.php
[Tue Feb 02 13:48:54.205549 2021] [php7:notice] [pid 3040:tid 1916] [client ::1:5088] PHP Notice:  Undefined variable: website in C:\\Users\\SilEm147\\Documents\\1CLI\\MAIOU\\UniServerZ\\www\\index.php on line 81, referer: http://localhost/index.php
[Tue Feb 02 13:48:54.205549 2021] [php7:notice] [pid 3040:tid 1916] [client ::1:5088] PHP Notice:  Undefined variable: comment in C:\\Users\\SilEm147\\Documents\\1CLI\\MAIOU\\UniServerZ\\www\\index.php on line 83, referer: http://localhost/index.php
[Tue Feb 02 13:48:55.928677 2021] [php7:notice] [pid 3040:tid 1916] [client ::1:5088] PHP Notice:  Undefined variable: lname in C:\\Users\\SilEm147\\Documents\\1CLI\\MAIOU\\UniServerZ\\www\\index.php on line 60, referer: http://localhost/index.php
[Tue Feb 02 13:48:55.928677 2021] [php7:notice] [pid 3040:tid 1916] [client ::1:5088] PHP Notice:  Undefined variable: lnameErr in C:\\Users\\SilEm147\\Documents\\1CLI\\MAIOU\\UniServerZ\\www\\index.php on line 61, referer: http://localhost/index.php
[Tue Feb 02 13:48:55.928677 2021] [php7:notice] [pid 3040:tid 1916] [client ::1:5088] PHP Notice:  Undefined variable: website in C:\\Users\\SilEm147\\Documents\\1CLI\\MAIOU\\UniServerZ\\www\\index.php on line 81, referer: http://localhost/index.php
[Tue Feb 02 13:48:55.928677 2021] [php7:notice] [pid 3040:tid 1916] [client ::1:5088] PHP Notice:  Undefined variable: comment in C:\\Users\\SilEm147\\Documents\\1CLI\\MAIOU\\UniServerZ\\www\\index.php on line 83, referer: http://localhost/index.php
[Tue Feb 02 13:48:59.295438 2021] [php7:notice] [pid 3040:tid 1916] [client ::1:5088] PHP Notice:  Undefined variable: fname in C:\\Users\\SilEm147\\Documents\\1CLI\\MAIOU\\UniServerZ\\www\\index.php on line 57, referer: http://localhost/index.php
[Tue Feb 02 13:48:59.295438 2021] [php7:notice] [pid 3040:tid 1916] [client ::1:5088] PHP Notice:  Undefined variable: lname in C:\\Users\\SilEm147\\Documents\\1CLI\\MAIOU\\UniServerZ\\www\\index.php on line 60, referer: http://localhost/index.php
[Tue Feb 02 13:48:59.295438 2021] [php7:notice] [pid 3040:tid 1916] [client ::1:5088] PHP Notice:  Undefined variable: lnameErr in C:\\Users\\SilEm147\\Documents\\1CLI\\MAIOU\\UniServerZ\\www\\index.php on line 61, referer: http://localhost/index.php
[Tue Feb 02 13:48:59.295438 2021] [php7:notice] [pid 3040:tid 1916] [client ::1:5088] PHP Notice:  Undefined variable: website in C:\\Users\\SilEm147\\Documents\\1CLI\\MAIOU\\UniServerZ\\www\\index.php on line 81, referer: http://localhost/index.php
[Tue Feb 02 13:48:59.295438 2021] [php7:notice] [pid 3040:tid 1916] [client ::1:5088] PHP Notice:  Undefined variable: comment in C:\\Users\\SilEm147\\Documents\\1CLI\\MAIOU\\UniServerZ\\www\\index.php on line 83, referer: http://localhost/index.php
[Tue Feb 02 13:49:14.019074 2021] [php7:notice] [pid 3040:tid 1908] [client ::1:5089] PHP Notice:  Undefined variable: lname in C:\\Users\\SilEm147\\Documents\\1CLI\\MAIOU\\UniServerZ\\www\\index.php on line 60, referer: http://localhost/index.php
[Tue Feb 02 13:49:14.019074 2021] [php7:notice] [pid 3040:tid 1908] [client ::1:5089] PHP Notice:  Undefined variable: lnameErr in C:\\Users\\SilEm147\\Documents\\1CLI\\MAIOU\\UniServerZ\\www\\index.php on line 61, referer: http://localhost/index.php
[Tue Feb 02 13:49:14.019074 2021] [php7:notice] [pid 3040:tid 1908] [client ::1:5089] PHP Notice:  Undefined variable: website in C:\\Users\\SilEm147\\Documents\\1CLI\\MAIOU\\UniServerZ\\www\\index.php on line 81, referer: http://localhost/index.php
[Tue Feb 02 13:49:14.019074 2021] [php7:notice] [pid 3040:tid 1908] [client ::1:5089] PHP Notice:  Undefined variable: comment in C:\\Users\\SilEm147\\Documents\\1CLI\\MAIOU\\UniServerZ\\www\\index.php on line 83, referer: http://localhost/index.php
[Tue Feb 02 13:49:48.735963 2021] [php7:error] [pid 3040:tid 1916] [client ::1:5128] PHP Parse error:  syntax error, unexpected end of file in C:\\Users\\SilEm147\\Documents\\1CLI\\MAIOU\\UniServerZ\\www\\index.php on line 100, referer: http://localhost/index.php
[Tue Feb 02 13:49:59.995022 2021] [php7:error] [pid 3040:tid 1908] [client ::1:5130] PHP Parse error:  syntax error, unexpected end of file in C:\\Users\\SilEm147\\Documents\\1CLI\\MAIOU\\UniServerZ\\www\\index.php on line 100, referer: http://localhost/index.php
[Tue Feb 02 13:50:15.962716 2021] [php7:error] [pid 3040:tid 1916] [client ::1:5324] PHP Parse error:  syntax error, unexpected end of file in C:\\Users\\SilEm147\\Documents\\1CLI\\MAIOU\\UniServerZ\\www\\index.php on line 100, referer: http://localhost/index.php
[Tue Feb 02 13:50:23.758398 2021] [php7:error] [pid 3040:tid 1908] [client ::1:5350] PHP Parse error:  syntax error, unexpected end of file in C:\\Users\\SilEm147\\Documents\\1CLI\\MAIOU\\UniServerZ\\www\\index.php on line 100, referer: http://localhost/index.php
[Tue Feb 02 13:50:33.372591 2021] [php7:error] [pid 3040:tid 1916] [client ::1:5516] PHP Parse error:  syntax error, unexpected end of file in C:\\Users\\SilEm147\\Documents\\1CLI\\MAIOU\\UniServerZ\\www\\index.php on line 100, referer: http://localhost/index.php
[Tue Feb 02 13:50:42.755763 2021] [php7:error] [pid 3040:tid 1908] [client ::1:5519] PHP Parse error:  syntax error, unexpected end of file in C:\\Users\\SilEm147\\Documents\\1CLI\\MAIOU\\UniServerZ\\www\\index.php on line 100, referer: http://localhost/index.php
[Tue Feb 02 13:50:54.691815 2021] [php7:notice] [pid 3040:tid 1916] [client ::1:5522] PHP Notice:  Undefined variable: lname in C:\\Users\\SilEm147\\Documents\\1CLI\\MAIOU\\UniServerZ\\www\\index.php on line 62, referer: http://localhost/index.php
[Tue Feb 02 13:50:54.691815 2021] [php7:notice] [pid 3040:tid 1916] [client ::1:5522] PHP Notice:  Undefined variable: lnameErr in C:\\Users\\SilEm147\\Documents\\1CLI\\MAIOU\\UniServerZ\\www\\index.php on line 63, referer: http://localhost/index.php
[Tue Feb 02 13:50:54.691815 2021] [php7:notice] [pid 3040:tid 1916] [client ::1:5522] PHP Notice:  Undefined variable: website in C:\\Users\\SilEm147\\Documents\\1CLI\\MAIOU\\UniServerZ\\www\\index.php on line 83, referer: http://localhost/index.php
[Tue Feb 02 13:50:54.691815 2021] [php7:notice] [pid 3040:tid 1916] [client ::1:5522] PHP Notice:  Undefined variable: comment in C:\\Users\\SilEm147\\Documents\\1CLI\\MAIOU\\UniServerZ\\www\\index.php on line 85, referer: http://localhost/index.php
[Tue Feb 02 13:57:11.920699 2021] [php7:notice] [pid 3040:tid 1908] [client ::1:5735] PHP Notice:  Undefined variable: lname in C:\\Users\\SilEm147\\Documents\\1CLI\\MAIOU\\UniServerZ\\www\\index.php on line 62, referer: http://localhost/index.php
[Tue Feb 02 13:57:11.920699 2021] [php7:notice] [pid 3040:tid 1908] [client ::1:5735] PHP Notice:  Undefined variable: lnameErr in C:\\Users\\SilEm147\\Documents\\1CLI\\MAIOU\\UniServerZ\\www\\index.php on line 63, referer: http://localhost/index.php
[Tue Feb 02 13:57:11.920699 2021] [php7:notice] [pid 3040:tid 1908] [client ::1:5735] PHP Notice:  Undefined variable: website in C:\\Users\\SilEm147\\Documents\\1CLI\\MAIOU\\UniServerZ\\www\\index.php on line 83, referer: http://localhost/index.php
[Tue Feb 02 13:57:11.920699 2021] [php7:notice] [pid 3040:tid 1908] [client ::1:5735] PHP Notice:  Undefined variable: comment in C:\\Users\\SilEm147\\Documents\\1CLI\\MAIOU\\UniServerZ\\www\\index.php on line 85, referer: http://localhost/index.php
[Tue Feb 02 13:57:16.776495 2021] [php7:notice] [pid 3040:tid 1908] [client ::1:5735] PHP Notice:  Undefined variable: lname in C:\\Users\\SilEm147\\Documents\\1CLI\\MAIOU\\UniServerZ\\www\\index.php on line 62, referer: http://localhost/index.php
[Tue Feb 02 13:57:16.776495 2021] [php7:notice] [pid 3040:tid 1908] [client ::1:5735] PHP Notice:  Undefined variable: lnameErr in C:\\Users\\SilEm147\\Documents\\1CLI\\MAIOU\\UniServerZ\\www\\index.php on line 63, referer: http://localhost/index.php
[Tue Feb 02 13:57:16.776495 2021] [php7:notice] [pid 3040:tid 1908] [client ::1:5735] PHP Notice:  Undefined variable: website in C:\\Users\\SilEm147\\Documents\\1CLI\\MAIOU\\UniServerZ\\www\\index.php on line 83, referer: http://localhost/index.php
[Tue Feb 02 13:57:16.776495 2021] [php7:notice] [pid 3040:tid 1908] [client ::1:5735] PHP Notice:  Undefined variable: comment in C:\\Users\\SilEm147\\Documents\\1CLI\\MAIOU\\UniServerZ\\www\\index.php on line 85, referer: http://localhost/index.php
[Tue Feb 02 13:58:33.218581 2021] [php7:notice] [pid 3040:tid 1916] [client ::1:5958] PHP Notice:  Undefined variable: lname in C:\\Users\\SilEm147\\Documents\\1CLI\\MAIOU\\UniServerZ\\www\\index.php on line 62, referer: http://localhost/index.php
[Tue Feb 02 13:58:33.218581 2021] [php7:notice] [pid 3040:tid 1916] [client ::1:5958] PHP Notice:  Undefined variable: lnameErr in C:\\Users\\SilEm147\\Documents\\1CLI\\MAIOU\\UniServerZ\\www\\index.php on line 63, referer: http://localhost/index.php
[Tue Feb 02 13:58:33.218581 2021] [php7:notice] [pid 3040:tid 1916] [client ::1:5958] PHP Notice:  Undefined variable: website in C:\\Users\\SilEm147\\Documents\\1CLI\\MAIOU\\UniServerZ\\www\\index.php on line 83, referer: http://localhost/index.php
[Tue Feb 02 13:58:33.218581 2021] [php7:notice] [pid 3040:tid 1916] [client ::1:5958] PHP Notice:  Undefined variable: comment in C:\\Users\\SilEm147\\Documents\\1CLI\\MAIOU\\UniServerZ\\www\\index.php on line 85, referer: http://localhost/index.php
[Tue Feb 02 13:58:36.103167 2021] [php7:notice] [pid 3040:tid 1916] [client ::1:5958] PHP Notice:  Undefined variable: lname in C:\\Users\\SilEm147\\Documents\\1CLI\\MAIOU\\UniServerZ\\www\\index.php on line 62, referer: http://localhost/index.php
[Tue Feb 02 13:58:36.103167 2021] [php7:notice] [pid 3040:tid 1916] [client ::1:5958] PHP Notice:  Undefined variable: lnameErr in C:\\Users\\SilEm147\\Documents\\1CLI\\MAIOU\\UniServerZ\\www\\index.php on line 63, referer: http://localhost/index.php
[Tue Feb 02 13:58:36.103167 2021] [php7:notice] [pid 3040:tid 1916] [client ::1:5958] PHP Notice:  Undefined variable: website in C:\\Users\\SilEm147\\Documents\\1CLI\\MAIOU\\UniServerZ\\www\\index.php on line 83, referer: http://localhost/index.php
[Tue Feb 02 13:58:36.103167 2021] [php7:notice] [pid 3040:tid 1916] [client ::1:5958] PHP Notice:  Undefined variable: comment in C:\\Users\\SilEm147\\Documents\\1CLI\\MAIOU\\UniServerZ\\www\\index.php on line 85, referer: http://localhost/index.php
[Tue Feb 02 13:58:44.673139 2021] [php7:notice] [pid 3040:tid 1908] [client ::1:5959] PHP Notice:  Undefined variable: lname in C:\\Users\\SilEm147\\Documents\\1CLI\\MAIOU\\UniServerZ\\www\\index.php on line 62, referer: http://localhost/index.php
[Tue Feb 02 13:58:44.673139 2021] [php7:notice] [pid 3040:tid 1908] [client ::1:5959] PHP Notice:  Undefined variable: lnameErr in C:\\Users\\SilEm147\\Documents\\1CLI\\MAIOU\\UniServerZ\\www\\index.php on line 63, referer: http://localhost/index.php
[Tue Feb 02 13:58:44.673139 2021] [php7:notice] [pid 3040:tid 1908] [client ::1:5959] PHP Notice:  Undefined variable: website in C:\\Users\\SilEm147\\Documents\\1CLI\\MAIOU\\UniServerZ\\www\\index.php on line 83, referer: http://localhost/index.php
[Tue Feb 02 13:58:44.673139 2021] [php7:notice] [pid 3040:tid 1908] [client ::1:5959] PHP Notice:  Undefined variable: comment in C:\\Users\\SilEm147\\Documents\\1CLI\\MAIOU\\UniServerZ\\www\\index.php on line 85, referer: http://localhost/index.php
[Tue Feb 02 14:01:58.936150 2021] [php7:error] [pid 3040:tid 1916] [client ::1:6158] script 'C:/Users/SilEm147/Documents/1CLI/MAIOU/UniServerZ/www/test2.php' not found or unable to stat, referer: http://localhost/test.php?
[Tue Feb 02 14:04:21.921430 2021] [php7:notice] [pid 3040:tid 1916] [client ::1:6173] PHP Notice:  Undefined index: name in C:\\Users\\SilEm147\\Documents\\1CLI\\MAIOU\\UniServerZ\\www\\test.php on line 18
[Tue Feb 02 14:04:23.180630 2021] [php7:notice] [pid 3040:tid 1916] [client ::1:6173] PHP Notice:  Undefined index: name in C:\\Users\\SilEm147\\Documents\\1CLI\\MAIOU\\UniServerZ\\www\\test.php on line 18
[Tue Feb 02 14:04:23.347444 2021] [php7:notice] [pid 3040:tid 1916] [client ::1:6173] PHP Notice:  Undefined index: name in C:\\Users\\SilEm147\\Documents\\1CLI\\MAIOU\\UniServerZ\\www\\test.php on line 18
[Tue Feb 02 14:04:23.520312 2021] [php7:notice] [pid 3040:tid 1916] [client ::1:6173] PHP Notice:  Undefined index: name in C:\\Users\\SilEm147\\Documents\\1CLI\\MAIOU\\UniServerZ\\www\\test.php on line 18
[Tue Feb 02 14:04:23.836756 2021] [php7:notice] [pid 3040:tid 1916] [client ::1:6173] PHP Notice:  Undefined index: name in C:\\Users\\SilEm147\\Documents\\1CLI\\MAIOU\\UniServerZ\\www\\test.php on line 18
[Tue Feb 02 14:04:23.981060 2021] [php7:notice] [pid 3040:tid 1916] [client ::1:6173] PHP Notice:  Undefined index: name in C:\\Users\\SilEm147\\Documents\\1CLI\\MAIOU\\UniServerZ\\www\\test.php on line 18
[Tue Feb 02 14:04:24.270208 2021] [php7:notice] [pid 3040:tid 1916] [client ::1:6173] PHP Notice:  Undefined index: name in C:\\Users\\SilEm147\\Documents\\1CLI\\MAIOU\\UniServerZ\\www\\test.php on line 18
[Tue Feb 02 14:04:24.405223 2021] [php7:notice] [pid 3040:tid 1916] [client ::1:6173] PHP Notice:  Undefined index: name in C:\\Users\\SilEm147\\Documents\\1CLI\\MAIOU\\UniServerZ\\www\\test.php on line 18
[Tue Feb 02 14:04:24.549695 2021] [php7:notice] [pid 3040:tid 1916] [client ::1:6173] PHP Notice:  Undefined index: name in C:\\Users\\SilEm147\\Documents\\1CLI\\MAIOU\\UniServerZ\\www\\test.php on line 18
[Tue Feb 02 14:04:24.692041 2021] [php7:notice] [pid 3040:tid 1916] [client ::1:6173] PHP Notice:  Undefined index: name in C:\\Users\\SilEm147\\Documents\\1CLI\\MAIOU\\UniServerZ\\www\\test.php on line 18
[Tue Feb 02 14:04:42.073658 2021] [core:warn] [pid 17996:tid 696] AH00098: pid file C:/Users/SilEm147/Documents/1CLI/MAIOU/UniServerZ/core/apache2/logs/httpd.pid overwritten -- Unclean shutdown of previous Apache run?
[Tue Feb 02 14:04:42.092373 2021] [mpm_winnt:notice] [pid 17996:tid 696] AH00455: Apache/2.4.43 (Win32) PHP/7.4.5 configured -- resuming normal operations
[Tue Feb 02 14:04:42.092373 2021] [mpm_winnt:notice] [pid 17996:tid 696] AH00456: Apache Lounge VC15 Server built: Apr  1 2020 11:02:44
[Tue Feb 02 14:04:42.092373 2021] [core:notice] [pid 17996:tid 696] AH00094: Command line: 'C:\\Users\\SilEm147\\Documents\\1CLI\\MAIOU\\UniServerZ\\core\\apache2\\bin\\httpd_z.exe -d C:/Users/SilEm147/Documents/1CLI/MAIOU/UniServerZ/core/apache2 -f C:\\Users\\SilEm147\\Documents\\1CLI\\MAIOU\\UniServerZ\\core\\apache2\\conf\\httpd.conf -d C:\\Users\\SilEm147\\Documents\\1CLI\\MAIOU\\UniServerZ\\core\\apache2'
[Tue Feb 02 14:04:42.094838 2021] [mpm_winnt:notice] [pid 17996:tid 696] AH00418: Parent: Created child process 5836
[Tue Feb 02 14:04:42.936597 2021] [mpm_winnt:notice] [pid 5836:tid 728] AH00354: Child: Starting 150 worker threads.
[Tue Feb 02 14:04:42.943566 2021] [php7:notice] [pid 5836:tid 1924] [client ::1:6175] PHP Notice:  Undefined variable: fname in C:\\Users\\SilEm147\\Documents\\1CLI\\MAIOU\\UniServerZ\\www\\index.php on line 59
[Tue Feb 02 14:04:42.943566 2021] [php7:notice] [pid 5836:tid 1924] [client ::1:6175] PHP Notice:  Undefined variable: lname in C:\\Users\\SilEm147\\Documents\\1CLI\\MAIOU\\UniServerZ\\www\\index.php on line 62
[Tue Feb 02 14:04:42.943566 2021] [php7:notice] [pid 5836:tid 1924] [client ::1:6175] PHP Notice:  Undefined variable: lnameErr in C:\\Users\\SilEm147\\Documents\\1CLI\\MAIOU\\UniServerZ\\www\\index.php on line 63
[Tue Feb 02 14:04:42.943566 2021] [php7:notice] [pid 5836:tid 1924] [client ::1:6175] PHP Notice:  Undefined variable: website in C:\\Users\\SilEm147\\Documents\\1CLI\\MAIOU\\UniServerZ\\www\\index.php on line 83
[Tue Feb 02 14:04:42.943566 2021] [php7:notice] [pid 5836:tid 1924] [client ::1:6175] PHP Notice:  Undefined variable: comment in C:\\Users\\SilEm147\\Documents\\1CLI\\MAIOU\\UniServerZ\\www\\index.php on line 85
[Tue Feb 02 14:04:47.976011 2021] [php7:notice] [pid 5836:tid 1916] [client ::1:6176] PHP Notice:  Undefined index: name in C:\\Users\\SilEm147\\Documents\\1CLI\\MAIOU\\UniServerZ\\www\\test.php on line 18
[Tue Feb 02 14:04:48.703085 2021] [php7:notice] [pid 5836:tid 1916] [client ::1:6176] PHP Notice:  Undefined index: name in C:\\Users\\SilEm147\\Documents\\1CLI\\MAIOU\\UniServerZ\\www\\test.php on line 18
[Tue Feb 02 14:05:19.840199 2021] [php7:notice] [pid 5836:tid 1924] [client ::1:6177] PHP Notice:  Undefined index: name in C:\\Users\\SilEm147\\Documents\\1CLI\\MAIOU\\UniServerZ\\www\\test.php on line 20
[Tue Feb 02 14:05:20.336919 2021] [php7:notice] [pid 5836:tid 1924] [client ::1:6177] PHP Notice:  Undefined index: name in C:\\Users\\SilEm147\\Documents\\1CLI\\MAIOU\\UniServerZ\\www\\test.php on line 20
[Tue Feb 02 14:07:02.370625 2021] [php7:error] [pid 5836:tid 1916] [client ::1:6564] PHP Parse error:  syntax error, unexpected 'text' (T_STRING) in C:\\Users\\SilEm147\\Documents\\1CLI\\MAIOU\\UniServerZ\\www\\test.php on line 11
[Tue Feb 02 14:07:02.971616 2021] [php7:error] [pid 5836:tid 1916] [client ::1:6564] PHP Parse error:  syntax error, unexpected 'text' (T_STRING) in C:\\Users\\SilEm147\\Documents\\1CLI\\MAIOU\\UniServerZ\\www\\test.php on line 11
[Tue Feb 23 13:12:48.610730 2021] [core:warn] [pid 12836:tid 572] AH00098: pid file C:/Users/SilEm147/Documents/1CLI/MAIOU/UniServerZ/core/apache2/logs/httpd.pid overwritten -- Unclean shutdown of previous Apache run?
[Tue Feb 23 13:12:48.864425 2021] [mpm_winnt:notice] [pid 12836:tid 572] AH00455: Apache/2.4.43 (Win32) PHP/7.4.5 configured -- resuming normal operations
[Tue Feb 23 13:12:48.864425 2021] [mpm_winnt:notice] [pid 12836:tid 572] AH00456: Apache Lounge VC15 Server built: Apr  1 2020 11:02:44
[Tue Feb 23 13:12:48.864425 2021] [core:notice] [pid 12836:tid 572] AH00094: Command line: 'C:\\Users\\SilEm147\\Documents\\1CLI\\MAIOU\\UniServerZ\\core\\apache2\\bin\\httpd_z.exe -d C:/Users/SilEm147/Documents/1CLI/MAIOU/UniServerZ/core/apache2 -f C:\\Users\\SilEm147\\Documents\\1CLI\\MAIOU\\UniServerZ\\core\\apache2\\conf\\httpd.conf -d C:\\Users\\SilEm147\\Documents\\1CLI\\MAIOU\\UniServerZ\\core\\apache2'
[Tue Feb 23 13:12:48.867676 2021] [mpm_winnt:notice] [pid 12836:tid 572] AH00418: Parent: Created child process 18412
[Tue Feb 23 13:12:49.878528 2021] [mpm_winnt:notice] [pid 18412:tid 580] AH00354: Child: Starting 150 worker threads.
[Tue Feb 23 13:12:49.888648 2021] [php7:notice] [pid 18412:tid 1844] [client ::1:9428] PHP Notice:  Undefined variable: fname in C:\\Users\\SilEm147\\Documents\\1CLI\\MAIOU\\UniServerZ\\www\\index.php on line 59
[Tue Feb 23 13:12:49.888648 2021] [php7:notice] [pid 18412:tid 1844] [client ::1:9428] PHP Notice:  Undefined variable: lname in C:\\Users\\SilEm147\\Documents\\1CLI\\MAIOU\\UniServerZ\\www\\index.php on line 62
[Tue Feb 23 13:12:49.888648 2021] [php7:notice] [pid 18412:tid 1844] [client ::1:9428] PHP Notice:  Undefined variable: lnameErr in C:\\Users\\SilEm147\\Documents\\1CLI\\MAIOU\\UniServerZ\\www\\index.php on line 63
[Tue Feb 23 13:12:49.888648 2021] [php7:notice] [pid 18412:tid 1844] [client ::1:9428] PHP Notice:  Undefined variable: website in C:\\Users\\SilEm147\\Documents\\1CLI\\MAIOU\\UniServerZ\\www\\index.php on line 83
[Tue Feb 23 13:12:49.888648 2021] [php7:notice] [pid 18412:tid 1844] [client ::1:9428] PHP Notice:  Undefined variable: comment in C:\\Users\\SilEm147\\Documents\\1CLI\\MAIOU\\UniServerZ\\www\\index.php on line 85
[Tue Feb 23 13:18:33.018671 2021] [php7:notice] [pid 18412:tid 1816] [client ::1:1034] PHP Notice:  Undefined index: lastname in C:\\Users\\SilEm147\\Documents\\1CLI\\MAIOU\\UniServerZ\\www\\test.php on line 22, referer: http://localhost/test.php?name=Laure&firstname=Laure&age=Silly-Ganzoin&submit=Hallo
[Tue Feb 23 13:18:34.181390 2021] [php7:notice] [pid 18412:tid 1816] [client ::1:1034] PHP Notice:  Undefined index: lastname in C:\\Users\\SilEm147\\Documents\\1CLI\\MAIOU\\UniServerZ\\www\\test.php on line 22, referer: http://localhost/test.php?name=Laure&firstname=Laure&age=Silly-Ganzoin&submit=Hallo
[Tue Feb 23 13:19:31.521450 2021] [php7:notice] [pid 18412:tid 1808] [client ::1:1070] PHP Notice:  Undefined index: lastname in C:\\Users\\SilEm147\\Documents\\1CLI\\MAIOU\\UniServerZ\\www\\test.php on line 22, referer: http://localhost/test.php?name=Laure&firstname=Laure&age=Silly-Ganzoin&submit=Hallo
[Tue Feb 23 13:19:31.917095 2021] [php7:notice] [pid 18412:tid 1808] [client ::1:1070] PHP Notice:  Undefined index: lastname in C:\\Users\\SilEm147\\Documents\\1CLI\\MAIOU\\UniServerZ\\www\\test.php on line 22, referer: http://localhost/test.php?name=Laure&firstname=Laure&age=Silly-Ganzoin&submit=Hallo
[Tue Feb 23 13:19:32.427375 2021] [php7:notice] [pid 18412:tid 1808] [client ::1:1070] PHP Notice:  Undefined index: lastname in C:\\Users\\SilEm147\\Documents\\1CLI\\MAIOU\\UniServerZ\\www\\test.php on line 22, referer: http://localhost/test.php?name=Laure&firstname=Laure&age=Silly-Ganzoin&submit=Hallo
[Tue Feb 23 13:19:32.891478 2021] [php7:notice] [pid 18412:tid 1808] [client ::1:1070] PHP Notice:  Undefined index: lastname in C:\\Users\\SilEm147\\Documents\\1CLI\\MAIOU\\UniServerZ\\www\\test.php on line 22, referer: http://localhost/test.php?name=Laure&firstname=Laure&age=Silly-Ganzoin&submit=Hallo
[Tue Feb 23 13:20:38.533016 2021] [php7:notice] [pid 18412:tid 1808] [client ::1:1075] PHP Notice:  Undefined index: lastName in C:\\Users\\SilEm147\\Documents\\1CLI\\MAIOU\\UniServerZ\\www\\test.php on line 22, referer: http://localhost/test.php?name=Laure&firstname=Laure&age=Silly-Ganzoin&submit=Hallo
[Tue Feb 23 13:20:38.916605 2021] [php7:notice] [pid 18412:tid 1808] [client ::1:1075] PHP Notice:  Undefined index: lastName in C:\\Users\\SilEm147\\Documents\\1CLI\\MAIOU\\UniServerZ\\www\\test.php on line 22, referer: http://localhost/test.php?name=Laure&firstname=Laure&age=Silly-Ganzoin&submit=Hallo
[Tue Feb 23 13:30:09.913089 2021] [php7:notice] [pid 18412:tid 1808] [client ::1:31057] PHP Notice:  Undefined index: firstname in C:\\Users\\SilEm147\\Documents\\1CLI\\MAIOU\\UniServerZ\\www\\test.php on line 23, referer: http://localhost/test.php?name=Emilien&age=&submit=Hallo
[Tue Feb 23 13:30:12.107549 2021] [php7:notice] [pid 18412:tid 1808] [client ::1:31057] PHP Notice:  Undefined index: firstname in C:\\Users\\SilEm147\\Documents\\1CLI\\MAIOU\\UniServerZ\\www\\test.php on line 23, referer: http://localhost/test.php?name=Emilien&age=&submit=Hallo
[Tue Feb 23 13:32:47.862705 2021] [php7:notice] [pid 18412:tid 1816] [client ::1:31173] PHP Notice:  Undefined index: firstname in C:\\Users\\SilEm147\\Documents\\1CLI\\MAIOU\\UniServerZ\\www\\test.php on line 23, referer: http://localhost/test.php?name=Emilien&age=&submit=Hallo
[Tue Feb 23 13:32:48.522829 2021] [php7:notice] [pid 18412:tid 1816] [client ::1:31173] PHP Notice:  Undefined index: firstname in C:\\Users\\SilEm147\\Documents\\1CLI\\MAIOU\\UniServerZ\\www\\test.php on line 23, referer: http://localhost/test.php?name=Emilien&age=&submit=Hallo
[Tue Feb 23 13:32:49.001832 2021] [php7:notice] [pid 18412:tid 1816] [client ::1:31173] PHP Notice:  Undefined index: firstname in C:\\Users\\SilEm147\\Documents\\1CLI\\MAIOU\\UniServerZ\\www\\test.php on line 23, referer: http://localhost/test.php?name=Emilien&age=&submit=Hallo
[Tue Feb 23 13:34:13.512467 2021] [php7:notice] [pid 18412:tid 1808] [client ::1:31177] PHP Notice:  Undefined index: firstname in C:\\Users\\SilEm147\\Documents\\1CLI\\MAIOU\\UniServerZ\\www\\test.php on line 23, referer: http://localhost/test.php?name=Emilien&age=&submit=Hallo
[Tue Feb 23 13:34:14.355017 2021] [php7:notice] [pid 18412:tid 1808] [client ::1:31177] PHP Notice:  Undefined index: firstname in C:\\Users\\SilEm147\\Documents\\1CLI\\MAIOU\\UniServerZ\\www\\test.php on line 23, referer: http://localhost/test.php?name=Emilien&age=&submit=Hallo
[Tue Feb 23 13:53:33.216165 2021] [php7:notice] [pid 18412:tid 1808] [client ::1:31907] PHP Notice:  Undefined index: firstname in C:\\Users\\SilEm147\\Documents\\1CLI\\MAIOU\\UniServerZ\\www\\test.php on line 23, referer: http://localhost/test.php?name=Emilien&age=&submit=Hallo
[Tue Feb 23 13:53:33.216165 2021] [php7:notice] [pid 18412:tid 1808] [client ::1:31907] PHP Notice:  Undefined index: email in C:\\Users\\SilEm147\\Documents\\1CLI\\MAIOU\\UniServerZ\\www\\test.php on line 24, referer: http://localhost/test.php?name=Emilien&age=&submit=Hallo
[Tue Feb 23 13:53:33.859378 2021] [php7:notice] [pid 18412:tid 1808] [client ::1:31907] PHP Notice:  Undefined index: firstname in C:\\Users\\SilEm147\\Documents\\1CLI\\MAIOU\\UniServerZ\\www\\test.php on line 23, referer: http://localhost/test.php?name=Emilien&age=&submit=Hallo
[Tue Feb 23 13:53:33.859378 2021] [php7:notice] [pid 18412:tid 1808] [client ::1:31907] PHP Notice:  Undefined index: email in C:\\Users\\SilEm147\\Documents\\1CLI\\MAIOU\\UniServerZ\\www\\test.php on line 24, referer: http://localhost/test.php?name=Emilien&age=&submit=Hallo
[Tue Feb 23 13:53:34.565753 2021] [php7:notice] [pid 18412:tid 1808] [client ::1:31907] PHP Notice:  Undefined index: firstname in C:\\Users\\SilEm147\\Documents\\1CLI\\MAIOU\\UniServerZ\\www\\test.php on line 23, referer: http://localhost/test.php?name=Emilien&age=&submit=Hallo
[Tue Feb 23 13:53:34.565753 2021] [php7:notice] [pid 18412:tid 1808] [client ::1:31907] PHP Notice:  Undefined index: email in C:\\Users\\SilEm147\\Documents\\1CLI\\MAIOU\\UniServerZ\\www\\test.php on line 24, referer: http://localhost/test.php?name=Emilien&age=&submit=Hallo
[Tue Feb 23 14:06:30.961333 2021] [php7:notice] [pid 18412:tid 1816] [client ::1:32439] PHP Notice:  Undefined index: phone in C:\\Users\\SilEm147\\Documents\\1CLI\\MAIOU\\UniServerZ\\www\\test.php on line 26, referer: http://localhost/test.php?name=Emilien&firstname=Emilien&email=emiliensilly2001%40gmail.com&submit=Hallo
[Tue Feb 23 14:06:31.523202 2021] [php7:notice] [pid 18412:tid 1816] [client ::1:32439] PHP Notice:  Undefined index: phone in C:\\Users\\SilEm147\\Documents\\1CLI\\MAIOU\\UniServerZ\\www\\test.php on line 26, referer: http://localhost/test.php?name=Emilien&firstname=Emilien&email=emiliensilly2001%40gmail.com&submit=Hallo
[Tue Mar 02 13:04:46.492829 2021] [core:warn] [pid 13644:tid 676] AH00098: pid file C:/Users/SilEm147/Documents/1CLI/MAIOU/UniServerZ/core/apache2/logs/httpd.pid overwritten -- Unclean shutdown of previous Apache run?
[Tue Mar 02 13:04:46.927847 2021] [mpm_winnt:notice] [pid 13644:tid 676] AH00455: Apache/2.4.43 (Win32) PHP/7.4.5 configured -- resuming normal operations
[Tue Mar 02 13:04:46.927847 2021] [mpm_winnt:notice] [pid 13644:tid 676] AH00456: Apache Lounge VC15 Server built: Apr  1 2020 11:02:44
[Tue Mar 02 13:04:46.927847 2021] [core:notice] [pid 13644:tid 676] AH00094: Command line: 'C:\\Users\\SilEm147\\Documents\\1CLI\\MAIOU\\UniServerZ\\core\\apache2\\bin\\httpd_z.exe -d C:/Users/SilEm147/Documents/1CLI/MAIOU/UniServerZ/core/apache2 -f C:\\Users\\SilEm147\\Documents\\1CLI\\MAIOU\\UniServerZ\\core\\apache2\\conf\\httpd.conf -d C:\\Users\\SilEm147\\Documents\\1CLI\\MAIOU\\UniServerZ\\core\\apache2'
[Tue Mar 02 13:04:46.943684 2021] [mpm_winnt:notice] [pid 13644:tid 676] AH00418: Parent: Created child process 20008
[Tue Mar 02 13:04:48.455964 2021] [mpm_winnt:notice] [pid 20008:tid 720] AH00354: Child: Starting 150 worker threads.
[Tue Mar 02 13:05:42.911965 2021] [php7:error] [pid 20008:tid 1840] [client ::1:21885] script 'C:/Users/SilEm147/Documents/1CLI/MAIOU/UniServerZ/www/index.php' not found or unable to stat
[Tue Mar 02 13:05:43.706820 2021] [php7:error] [pid 20008:tid 1840] [client ::1:21885] script 'C:/Users/SilEm147/Documents/1CLI/MAIOU/UniServerZ/www/index.php' not found or unable to stat
[Tue Mar 02 13:05:44.239041 2021] [php7:error] [pid 20008:tid 1840] [client ::1:21885] script 'C:/Users/SilEm147/Documents/1CLI/MAIOU/UniServerZ/www/index.php' not found or unable to stat
[Tue Mar 02 13:05:44.685090 2021] [php7:error] [pid 20008:tid 1840] [client ::1:21885] script 'C:/Users/SilEm147/Documents/1CLI/MAIOU/UniServerZ/www/index.php' not found or unable to stat
[Tue Mar 02 13:05:44.986702 2021] [php7:error] [pid 20008:tid 1848] [client ::1:21886] script 'C:/Users/SilEm147/Documents/1CLI/MAIOU/UniServerZ/www/index.php' not found or unable to stat
[Tue Mar 02 13:05:53.335003 2021] [php7:error] [pid 20008:tid 1836] [client ::1:21889] script 'C:/Users/SilEm147/Documents/1CLI/MAIOU/UniServerZ/www/index.php' not found or unable to stat, referer: http://localhost/
[Tue Mar 16 12:58:31.923810 2021] [core:warn] [pid 5384:tid 560] AH00098: pid file C:/Users/SilEm147/Documents/1CLI/MAIOU/UniServerZ/core/apache2/logs/httpd.pid overwritten -- Unclean shutdown of previous Apache run?
[Tue Mar 16 12:58:32.158124 2021] [mpm_winnt:notice] [pid 5384:tid 560] AH00455: Apache/2.4.43 (Win32) PHP/7.4.5 configured -- resuming normal operations
[Tue Mar 16 12:58:32.158124 2021] [mpm_winnt:notice] [pid 5384:tid 560] AH00456: Apache Lounge VC15 Server built: Apr  1 2020 11:02:44
[Tue Mar 16 12:58:32.158124 2021] [core:notice] [pid 5384:tid 560] AH00094: Command line: 'C:\\Users\\SilEm147\\Documents\\1CLI\\MAIOU\\UniServerZ\\core\\apache2\\bin\\httpd_z.exe -d C:/Users/SilEm147/Documents/1CLI/MAIOU/UniServerZ/core/apache2 -f C:\\Users\\SilEm147\\Documents\\1CLI\\MAIOU\\UniServerZ\\core\\apache2\\conf\\httpd.conf -d C:\\Users\\SilEm147\\Documents\\1CLI\\MAIOU\\UniServerZ\\core\\apache2'
[Tue Mar 16 12:58:32.158124 2021] [mpm_winnt:notice] [pid 5384:tid 560] AH00418: Parent: Created child process 7116
[Tue Mar 16 12:58:32.962819 2021] [mpm_winnt:notice] [pid 7116:tid 4] AH00354: Child: Starting 150 worker threads.
[Tue Mar 16 14:34:47.316254 2021] [php7:error] [pid 7116:tid 1840] [client ::1:2786] PHP Fatal error:  Uncaught Error: Call to undefined function test_input() in C:\\Users\\SilEm147\\Documents\\1CLI\\MAIOU\\UniServerZ\\www\\test.php:5\nStack trace:\n#0 {main}\n  thrown in C:\\Users\\SilEm147\\Documents\\1CLI\\MAIOU\\UniServerZ\\www\\test.php on line 5, referer: http://localhost/test.php
[Tue Mar 16 14:35:43.247131 2021] [php7:notice] [pid 7116:tid 1828] [client ::1:2787] PHP Notice:  Undefined variable: GET in C:\\Users\\SilEm147\\Documents\\1CLI\\MAIOU\\UniServerZ\\www\\test.php on line 6, referer: http://localhost/test.php
[Tue Mar 16 14:35:43.247131 2021] [php7:notice] [pid 7116:tid 1828] [client ::1:2787] PHP Notice:  Trying to access array offset on value of type null in C:\\Users\\SilEm147\\Documents\\1CLI\\MAIOU\\UniServerZ\\www\\test.php on line 6, referer: http://localhost/test.php
[Tue Mar 16 14:35:43.599241 2021] [php7:notice] [pid 7116:tid 1828] [client ::1:2787] PHP Notice:  Undefined variable: GET in C:\\Users\\SilEm147\\Documents\\1CLI\\MAIOU\\UniServerZ\\www\\test.php on line 6, referer: http://localhost/test.php
[Tue Mar 16 14:35:43.599241 2021] [php7:notice] [pid 7116:tid 1828] [client ::1:2787] PHP Notice:  Trying to access array offset on value of type null in C:\\Users\\SilEm147\\Documents\\1CLI\\MAIOU\\UniServerZ\\www\\test.php on line 6, referer: http://localhost/test.php
[Tue Mar 16 14:36:46.190024 2021] [php7:notice] [pid 7116:tid 1828] [client ::1:2789] PHP Notice:  Undefined index: email in C:\\Users\\SilEm147\\Documents\\1CLI\\MAIOU\\UniServerZ\\www\\test.php on line 2, referer: http://localhost/
[Thu Mar 18 09:24:52.955465 2021] [core:warn] [pid 17264:tid 576] AH00098: pid file C:/Users/SilEm147/Documents/1CLI/MAIOU/UniServerZ/core/apache2/logs/httpd.pid overwritten -- Unclean shutdown of previous Apache run?
[Thu Mar 18 09:24:53.422646 2021] [mpm_winnt:notice] [pid 17264:tid 576] AH00455: Apache/2.4.43 (Win32) PHP/7.4.5 configured -- resuming normal operations
[Thu Mar 18 09:24:53.422646 2021] [mpm_winnt:notice] [pid 17264:tid 576] AH00456: Apache Lounge VC15 Server built: Apr  1 2020 11:02:44
[Thu Mar 18 09:24:53.422646 2021] [core:notice] [pid 17264:tid 576] AH00094: Command line: 'C:\\Users\\SilEm147\\Documents\\1CLI\\MAIOU\\UniServerZ\\core\\apache2\\bin\\httpd_z.exe -d C:/Users/SilEm147/Documents/1CLI/MAIOU/UniServerZ/core/apache2 -f C:\\Users\\SilEm147\\Documents\\1CLI\\MAIOU\\UniServerZ\\core\\apache2\\conf\\httpd.conf -d C:\\Users\\SilEm147\\Documents\\1CLI\\MAIOU\\UniServerZ\\core\\apache2'
[Thu Mar 18 09:24:53.425640 2021] [mpm_winnt:notice] [pid 17264:tid 576] AH00418: Parent: Created child process 17392
[Thu Mar 18 09:24:55.084628 2021] [mpm_winnt:notice] [pid 17392:tid 656] AH00354: Child: Starting 150 worker threads.
C:/Users/SilEm147/Documents/1CLI/MAIOU/UniServerZ/core/msmtp/msmtp.exe: authentication failed (method PLAIN)
C:/Users/SilEm147/Documents/1CLI/MAIOU/UniServerZ/core/msmtp/msmtp.exe: server message: 534-5.7.9 Please log in with your web browser and then try again. Learn more at
C:/Users/SilEm147/Documents/1CLI/MAIOU/UniServerZ/core/msmtp/msmtp.exe: server message: 534 5.7.9  https://support.google.com/mail/?p=WebLoginRequired bm10sm1311210edb.2 - gsmtp
C:/Users/SilEm147/Documents/1CLI/MAIOU/UniServerZ/core/msmtp/msmtp.exe: could not send mail (account default from C:/Users/SilEm147/Documents/1CLI/MAIOU/UniServerZ/core/msmtp/msmtprc.ini)
[Thu Mar 18 09:25:08.732724 2021] [php7:notice] [pid 17392:tid 1840] [client ::1:4471] PHP Notice:  Undefined index: email in C:\\Users\\SilEm147\\Documents\\1CLI\\MAIOU\\UniServerZ\\www\\test.php on line 2, referer: http://localhost/
[Thu Mar 18 09:26:14.574731 2021] [core:warn] [pid 17388:tid 580] AH00098: pid file C:/Users/SilEm147/Documents/1CLI/MAIOU/UniServerZ/core/apache2/logs/httpd.pid overwritten -- Unclean shutdown of previous Apache run?
[Thu Mar 18 09:26:14.604193 2021] [mpm_winnt:notice] [pid 17388:tid 580] AH00455: Apache/2.4.43 (Win32) PHP/7.4.5 configured -- resuming normal operations
[Thu Mar 18 09:26:14.604193 2021] [mpm_winnt:notice] [pid 17388:tid 580] AH00456: Apache Lounge VC15 Server built: Apr  1 2020 11:02:44
[Thu Mar 18 09:26:14.604193 2021] [core:notice] [pid 17388:tid 580] AH00094: Command line: 'C:\\Users\\SilEm147\\Documents\\1CLI\\MAIOU\\UniServerZ\\core\\apache2\\bin\\httpd_z.exe -d C:/Users/SilEm147/Documents/1CLI/MAIOU/UniServerZ/core/apache2 -f C:\\Users\\SilEm147\\Documents\\1CLI\\MAIOU\\UniServerZ\\core\\apache2\\conf\\httpd.conf -d C:\\Users\\SilEm147\\Documents\\1CLI\\MAIOU\\UniServerZ\\core\\apache2'
[Thu Mar 18 09:26:14.622567 2021] [mpm_winnt:notice] [pid 17388:tid 580] AH00418: Parent: Created child process 8524
[Thu Mar 18 09:26:16.037923 2021] [mpm_winnt:notice] [pid 8524:tid 4] AH00354: Child: Starting 150 worker threads.
[Thu Mar 18 09:26:16.052884 2021] [php7:error] [pid 8524:tid 1836] [client ::1:4474] script 'C:/Users/SilEm147/Documents/1CLI/MAIOU/UniServerZ/www/index.php' not found or unable to stat
[Tue Mar 23 12:59:17.865601 2021] [core:warn] [pid 16264:tid 592] AH00098: pid file C:/Users/SilEm147/Documents/1CLI/MAIOU/UniServerZ/core/apache2/logs/httpd.pid overwritten -- Unclean shutdown of previous Apache run?
[Tue Mar 23 12:59:18.091649 2021] [mpm_winnt:notice] [pid 16264:tid 592] AH00455: Apache/2.4.43 (Win32) PHP/7.4.5 configured -- resuming normal operations
[Tue Mar 23 12:59:18.091649 2021] [mpm_winnt:notice] [pid 16264:tid 592] AH00456: Apache Lounge VC15 Server built: Apr  1 2020 11:02:44
[Tue Mar 23 12:59:18.091649 2021] [core:notice] [pid 16264:tid 592] AH00094: Command line: 'C:\\Users\\SilEm147\\Documents\\1CLI\\MAIOU\\UniServerZ\\core\\apache2\\bin\\httpd_z.exe -d C:/Users/SilEm147/Documents/1CLI/MAIOU/UniServerZ/core/apache2 -f C:\\Users\\SilEm147\\Documents\\1CLI\\MAIOU\\UniServerZ\\core\\apache2\\conf\\httpd.conf -d C:\\Users\\SilEm147\\Documents\\1CLI\\MAIOU\\UniServerZ\\core\\apache2'
[Tue Mar 23 12:59:18.093801 2021] [mpm_winnt:notice] [pid 16264:tid 592] AH00418: Parent: Created child process 11144
[Tue Mar 23 12:59:19.090022 2021] [mpm_winnt:notice] [pid 11144:tid 696] AH00354: Child: Starting 150 worker threads.
[Tue Mar 23 12:59:19.097715 2021] [php7:error] [pid 11144:tid 1844] [client ::1:1240] script 'C:/Users/SilEm147/Documents/1CLI/MAIOU/UniServerZ/www/index.php' not found or unable to stat
[Tue Mar 23 13:01:28.633414 2021] [php7:notice] [pid 11144:tid 1816] [client ::1:1563] PHP Notice:  Undefined index: email in C:\\Users\\SilEm147\\Documents\\1CLI\\MAIOU\\UniServerZ\\www\\test.php on line 2, referer: http://localhost/
[Tue Mar 23 13:01:57.154753 2021] [php7:notice] [pid 11144:tid 1808] [client ::1:1564] PHP Notice:  Undefined index: email in C:\\Users\\SilEm147\\Documents\\1CLI\\MAIOU\\UniServerZ\\www\\test.php on line 2, referer: http://localhost/
[Tue Mar 23 13:02:08.049306 2021] [php7:error] [pid 11144:tid 1816] [client ::1:1568] script 'C:/Users/SilEm147/Documents/1CLI/MAIOU/UniServerZ/www/index.php' not found or unable to stat, referer: http://localhost/test.php
[Tue Mar 23 13:02:54.619126 2021] [php7:error] [pid 11144:tid 1808] [client ::1:1641] script 'C:/Users/SilEm147/Documents/1CLI/MAIOU/UniServerZ/www/index.php' not found or unable to stat, referer: http://localhost/test.php
[Tue Mar 23 13:02:55.134832 2021] [php7:error] [pid 11144:tid 1808] [client ::1:1641] script 'C:/Users/SilEm147/Documents/1CLI/MAIOU/UniServerZ/www/index.php' not found or unable to stat, referer: http://localhost/test.php
[Tue Mar 23 13:02:55.587467 2021] [php7:error] [pid 11144:tid 1808] [client ::1:1641] script 'C:/Users/SilEm147/Documents/1CLI/MAIOU/UniServerZ/www/index.php' not found or unable to stat, referer: http://localhost/test.php
[Tue Mar 23 13:02:58.660434 2021] [php7:error] [pid 11144:tid 1808] [client ::1:1641] PHP Parse error:  syntax error, unexpected '}' in C:\\Users\\SilEm147\\Documents\\1CLI\\MAIOU\\UniServerZ\\www\\test.php on line 20, referer: http://localhost/
[Tue Mar 23 13:03:19.941241 2021] [php7:error] [pid 11144:tid 1816] [client ::1:1642] PHP Parse error:  syntax error, unexpected '}' in C:\\Users\\SilEm147\\Documents\\1CLI\\MAIOU\\UniServerZ\\www\\test.php on line 20, referer: http://localhost/
[Tue Mar 23 13:04:06.712345 2021] [php7:error] [pid 11144:tid 1816] [client ::1:1645] script 'C:/Users/SilEm147/Documents/1CLI/MAIOU/UniServerZ/www/index.php' not found or unable to stat, referer: http://localhost/test.php
[Tue Mar 23 13:04:45.553198 2021] [php7:error] [pid 11144:tid 1816] [client ::1:1096] script 'C:/Users/SilEm147/Documents/1CLI/MAIOU/UniServerZ/www/index.php' not found or unable to stat, referer: http://localhost/test.php
C:/Users/SilEm147/Documents/1CLI/MAIOU/UniServerZ/core/msmtp/msmtp.exe: authentication failed (method PLAIN)
C:/Users/SilEm147/Documents/1CLI/MAIOU/UniServerZ/core/msmtp/msmtp.exe: server message: 534-5.7.9 Please log in with your web browser and then try again. Learn more at
C:/Users/SilEm147/Documents/1CLI/MAIOU/UniServerZ/core/msmtp/msmtp.exe: server message: 534 5.7.9  https://support.google.com/mail/?p=WebLoginRequired k4sm29939930wrd.9 - gsmtp
C:/Users/SilEm147/Documents/1CLI/MAIOU/UniServerZ/core/msmtp/msmtp.exe: could not send mail (account default from C:/Users/SilEm147/Documents/1CLI/MAIOU/UniServerZ/core/msmtp/msmtprc.ini)
C:/Users/SilEm147/Documents/1CLI/MAIOU/UniServerZ/core/msmtp/msmtp.exe: authentication failed (method PLAIN)
C:/Users/SilEm147/Documents/1CLI/MAIOU/UniServerZ/core/msmtp/msmtp.exe: server message: 534-5.7.9 Please log in with your web browser and then try again. Learn more at
C:/Users/SilEm147/Documents/1CLI/MAIOU/UniServerZ/core/msmtp/msmtp.exe: server message: 534 5.7.9  https://support.google.com/mail/?p=WebLoginRequired q4sm2340177wma.20 - gsmtp
C:/Users/SilEm147/Documents/1CLI/MAIOU/UniServerZ/core/msmtp/msmtp.exe: could not send mail (account default from C:/Users/SilEm147/Documents/1CLI/MAIOU/UniServerZ/core/msmtp/msmtprc.ini)
C:/Users/SilEm147/Documents/1CLI/MAIOU/UniServerZ/core/msmtp/msmtp.exe: authentication failed (method PLAIN)
C:/Users/SilEm147/Documents/1CLI/MAIOU/UniServerZ/core/msmtp/msmtp.exe: server message: 534-5.7.9 Please log in with your web browser and then try again. Learn more at
C:/Users/SilEm147/Documents/1CLI/MAIOU/UniServerZ/core/msmtp/msmtp.exe: server message: 534 5.7.9  https://support.google.com/mail/?p=WebLoginRequired k12sm23453405wrx.7 - gsmtp
C:/Users/SilEm147/Documents/1CLI/MAIOU/UniServerZ/core/msmtp/msmtp.exe: could not send mail (account default from C:/Users/SilEm147/Documents/1CLI/MAIOU/UniServerZ/core/msmtp/msmtprc.ini)
C:/Users/SilEm147/Documents/1CLI/MAIOU/UniServerZ/core/msmtp/msmtp.exe: authentication failed (method PLAIN)
C:/Users/SilEm147/Documents/1CLI/MAIOU/UniServerZ/core/msmtp/msmtp.exe: server message: 534-5.7.9 Please log in with your web browser and then try again. Learn more at
C:/Users/SilEm147/Documents/1CLI/MAIOU/UniServerZ/core/msmtp/msmtp.exe: server message: 534 5.7.9  https://support.google.com/mail/?p=WebLoginRequired c6sm22797365wri.32 - gsmtp
C:/Users/SilEm147/Documents/1CLI/MAIOU/UniServerZ/core/msmtp/msmtp.exe: could not send mail (account default from C:/Users/SilEm147/Documents/1CLI/MAIOU/UniServerZ/core/msmtp/msmtprc.ini)
C:/Users/SilEm147/Documents/1CLI/MAIOU/UniServerZ/core/msmtp/msmtp.exe: authentication failed (method PLAIN)
C:/Users/SilEm147/Documents/1CLI/MAIOU/UniServerZ/core/msmtp/msmtp.exe: server message: 534-5.7.9 Please log in with your web browser and then try again. Learn more at
C:/Users/SilEm147/Documents/1CLI/MAIOU/UniServerZ/core/msmtp/msmtp.exe: server message: 534 5.7.9  https://support.google.com/mail/?p=WebLoginRequired b15sm12443571wrx.73 - gsmtp
C:/Users/SilEm147/Documents/1CLI/MAIOU/UniServerZ/core/msmtp/msmtp.exe: could not send mail (account default from C:/Users/SilEm147/Documents/1CLI/MAIOU/UniServerZ/core/msmtp/msmtprc.ini)
C:/Users/SilEm147/Documents/1CLI/MAIOU/UniServerZ/core/msmtp/msmtp.exe: authentication failed (method PLAIN)
C:/Users/SilEm147/Documents/1CLI/MAIOU/UniServerZ/core/msmtp/msmtp.exe: server message: 534-5.7.9 Please log in with your web browser and then try again. Learn more at
C:/Users/SilEm147/Documents/1CLI/MAIOU/UniServerZ/core/msmtp/msmtp.exe: server message: 534 5.7.9  https://support.google.com/mail/?p=WebLoginRequired x23sm2372082wmi.33 - gsmtp
C:/Users/SilEm147/Documents/1CLI/MAIOU/UniServerZ/core/msmtp/msmtp.exe: could not send mail (account default from C:/Users/SilEm147/Documents/1CLI/MAIOU/UniServerZ/core/msmtp/msmtprc.ini)
C:/Users/SilEm147/Documents/1CLI/MAIOU/UniServerZ/core/msmtp/msmtp.exe: authentication failed (method PLAIN)
C:/Users/SilEm147/Documents/1CLI/MAIOU/UniServerZ/core/msmtp/msmtp.exe: server message: 534-5.7.9 Please log in with your web browser and then try again. Learn more at
C:/Users/SilEm147/Documents/1CLI/MAIOU/UniServerZ/core/msmtp/msmtp.exe: server message: 534 5.7.9  https://support.google.com/mail/?p=WebLoginRequired z7sm24296320wrt.70 - gsmtp
C:/Users/SilEm147/Documents/1CLI/MAIOU/UniServerZ/core/msmtp/msmtp.exe: could not send mail (account default from C:/Users/SilEm147/Documents/1CLI/MAIOU/UniServerZ/core/msmtp/msmtprc.ini)
[Tue Mar 23 13:15:06.319916 2021] [php7:error] [pid 11144:tid 1808] [client ::1:1275] PHP Parse error:  syntax error, unexpected '' (T_ENCAPSED_AND_WHITESPACE), expecting '-' or identifier (T_STRING) or variable (T_VARIABLE) or number (T_NUM_STRING) in C:\\Users\\SilEm147\\Documents\\1CLI\\MAIOU\\UniServerZ\\www\\test.php on line 8, referer: http://localhost/test.php?name=Silly&firstname=Emilien&email=emiliensilly2001%40gmail.com&phone=&streetAdress=Rue+des+ateliers&city=Bascharage&country=Luxembourg&postcode=4908&submit=Submit
[Tue Mar 23 13:15:06.944877 2021] [php7:error] [pid 11144:tid 1808] [client ::1:1275] PHP Parse error:  syntax error, unexpected '' (T_ENCAPSED_AND_WHITESPACE), expecting '-' or identifier (T_STRING) or variable (T_VARIABLE) or number (T_NUM_STRING) in C:\\Users\\SilEm147\\Documents\\1CLI\\MAIOU\\UniServerZ\\www\\test.php on line 8, referer: http://localhost/test.php?name=Silly&firstname=Emilien&email=emiliensilly2001%40gmail.com&phone=&streetAdress=Rue+des+ateliers&city=Bascharage&country=Luxembourg&postcode=4908&submit=Submit
[Tue Mar 23 13:15:29.904705 2021] [php7:warn] [pid 11144:tid 1816] [client ::1:1276] PHP Warning:  A non-numeric value encountered in C:\\Users\\SilEm147\\Documents\\1CLI\\MAIOU\\UniServerZ\\www\\test.php on line 8, referer: http://localhost/test.php?name=Silly&firstname=Emilien&email=emiliensilly2001%40gmail.com&phone=&streetAdress=Rue+des+ateliers&city=Bascharage&country=Luxembourg&postcode=4908&submit=Submit
[Tue Mar 23 13:15:29.904705 2021] [php7:warn] [pid 11144:tid 1816] [client ::1:1276] PHP Warning:  A non-numeric value encountered in C:\\Users\\SilEm147\\Documents\\1CLI\\MAIOU\\UniServerZ\\www\\test.php on line 8, referer: http://localhost/test.php?name=Silly&firstname=Emilien&email=emiliensilly2001%40gmail.com&phone=&streetAdress=Rue+des+ateliers&city=Bascharage&country=Luxembourg&postcode=4908&submit=Submit
[Tue Mar 23 13:15:29.904705 2021] [php7:warn] [pid 11144:tid 1816] [client ::1:1276] PHP Warning:  A non-numeric value encountered in C:\\Users\\SilEm147\\Documents\\1CLI\\MAIOU\\UniServerZ\\www\\test.php on line 8, referer: http://localhost/test.php?name=Silly&firstname=Emilien&email=emiliensilly2001%40gmail.com&phone=&streetAdress=Rue+des+ateliers&city=Bascharage&country=Luxembourg&postcode=4908&submit=Submit
C:/Users/SilEm147/Documents/1CLI/MAIOU/UniServerZ/core/msmtp/msmtp.exe: authentication failed (method PLAIN)
C:/Users/SilEm147/Documents/1CLI/MAIOU/UniServerZ/core/msmtp/msmtp.exe: server message: 534-5.7.9 Please log in with your web browser and then try again. Learn more at
C:/Users/SilEm147/Documents/1CLI/MAIOU/UniServerZ/core/msmtp/msmtp.exe: server message: 534 5.7.9  https://support.google.com/mail/?p=WebLoginRequired c11sm24185552wrm.67 - gsmtp
C:/Users/SilEm147/Documents/1CLI/MAIOU/UniServerZ/core/msmtp/msmtp.exe: could not send mail (account default from C:/Users/SilEm147/Documents/1CLI/MAIOU/UniServerZ/core/msmtp/msmtprc.ini)
[Tue Mar 23 13:15:30.534189 2021] [php7:warn] [pid 11144:tid 1816] [client ::1:1276] PHP Warning:  A non-numeric value encountered in C:\\Users\\SilEm147\\Documents\\1CLI\\MAIOU\\UniServerZ\\www\\test.php on line 8, referer: http://localhost/test.php?name=Silly&firstname=Emilien&email=emiliensilly2001%40gmail.com&phone=&streetAdress=Rue+des+ateliers&city=Bascharage&country=Luxembourg&postcode=4908&submit=Submit
[Tue Mar 23 13:15:30.534189 2021] [php7:warn] [pid 11144:tid 1816] [client ::1:1276] PHP Warning:  A non-numeric value encountered in C:\\Users\\SilEm147\\Documents\\1CLI\\MAIOU\\UniServerZ\\www\\test.php on line 8, referer: http://localhost/test.php?name=Silly&firstname=Emilien&email=emiliensilly2001%40gmail.com&phone=&streetAdress=Rue+des+ateliers&city=Bascharage&country=Luxembourg&postcode=4908&submit=Submit
[Tue Mar 23 13:15:30.534189 2021] [php7:warn] [pid 11144:tid 1816] [client ::1:1276] PHP Warning:  A non-numeric value encountered in C:\\Users\\SilEm147\\Documents\\1CLI\\MAIOU\\UniServerZ\\www\\test.php on line 8, referer: http://localhost/test.php?name=Silly&firstname=Emilien&email=emiliensilly2001%40gmail.com&phone=&streetAdress=Rue+des+ateliers&city=Bascharage&country=Luxembourg&postcode=4908&submit=Submit
C:/Users/SilEm147/Documents/1CLI/MAIOU/UniServerZ/core/msmtp/msmtp.exe: authentication failed (method PLAIN)
C:/Users/SilEm147/Documents/1CLI/MAIOU/UniServerZ/core/msmtp/msmtp.exe: server message: 534-5.7.9 Please log in with your web browser and then try again. Learn more at
C:/Users/SilEm147/Documents/1CLI/MAIOU/UniServerZ/core/msmtp/msmtp.exe: server message: 534 5.7.9  https://support.google.com/mail/?p=WebLoginRequired k24sm2256572wmr.48 - gsmtp
C:/Users/SilEm147/Documents/1CLI/MAIOU/UniServerZ/core/msmtp/msmtp.exe: could not send mail (account default from C:/Users/SilEm147/Documents/1CLI/MAIOU/UniServerZ/core/msmtp/msmtprc.ini)
C:/Users/SilEm147/Documents/1CLI/MAIOU/UniServerZ/core/msmtp/msmtp.exe: authentication failed (method PLAIN)
C:/Users/SilEm147/Documents/1CLI/MAIOU/UniServerZ/core/msmtp/msmtp.exe: server message: 534-5.7.9 Please log in with your web browser and then try again. Learn more at
C:/Users/SilEm147/Documents/1CLI/MAIOU/UniServerZ/core/msmtp/msmtp.exe: server message: 534 5.7.9  https://support.google.com/mail/?p=WebLoginRequired o2sm2417118wmc.23 - gsmtp
C:/Users/SilEm147/Documents/1CLI/MAIOU/UniServerZ/core/msmtp/msmtp.exe: could not send mail (account default from C:/Users/SilEm147/Documents/1CLI/MAIOU/UniServerZ/core/msmtp/msmtprc.ini)
C:/Users/SilEm147/Documents/1CLI/MAIOU/UniServerZ/core/msmtp/msmtp.exe: authentication failed (method PLAIN)
C:/Users/SilEm147/Documents/1CLI/MAIOU/UniServerZ/core/msmtp/msmtp.exe: server message: 534-5.7.9 Please log in with your web browser and then try again. Learn more at
C:/Users/SilEm147/Documents/1CLI/MAIOU/UniServerZ/core/msmtp/msmtp.exe: server message: 534 5.7.9  https://support.google.com/mail/?p=WebLoginRequired j136sm2532719wmj.35 - gsmtp
C:/Users/SilEm147/Documents/1CLI/MAIOU/UniServerZ/core/msmtp/msmtp.exe: could not send mail (account default from C:/Users/SilEm147/Documents/1CLI/MAIOU/UniServerZ/core/msmtp/msmtprc.ini)
C:/Users/SilEm147/Documents/1CLI/MAIOU/UniServerZ/core/msmtp/msmtp.exe: authentication failed (method PLAIN)
C:/Users/SilEm147/Documents/1CLI/MAIOU/UniServerZ/core/msmtp/msmtp.exe: server message: 534-5.7.9 Please log in with your web browser and then try again. Learn more at
C:/Users/SilEm147/Documents/1CLI/MAIOU/UniServerZ/core/msmtp/msmtp.exe: server message: 534 5.7.9  https://support.google.com/mail/?p=WebLoginRequired y10sm24543072wrl.19 - gsmtp
C:/Users/SilEm147/Documents/1CLI/MAIOU/UniServerZ/core/msmtp/msmtp.exe: could not send mail (account default from C:/Users/SilEm147/Documents/1CLI/MAIOU/UniServerZ/core/msmtp/msmtprc.ini)
C:/Users/SilEm147/Documents/1CLI/MAIOU/UniServerZ/core/msmtp/msmtp.exe: authentication failed (method PLAIN)
C:/Users/SilEm147/Documents/1CLI/MAIOU/UniServerZ/core/msmtp/msmtp.exe: server message: 534-5.7.9 Please log in with your web browser and then try again. Learn more at
C:/Users/SilEm147/Documents/1CLI/MAIOU/UniServerZ/core/msmtp/msmtp.exe: server message: 534 5.7.9  https://support.google.com/mail/?p=WebLoginRequired q19sm24687312wrg.80 - gsmtp
C:/Users/SilEm147/Documents/1CLI/MAIOU/UniServerZ/core/msmtp/msmtp.exe: could not send mail (account default from C:/Users/SilEm147/Documents/1CLI/MAIOU/UniServerZ/core/msmtp/msmtprc.ini)
C:/Users/SilEm147/Documents/1CLI/MAIOU/UniServerZ/core/msmtp/msmtp.exe: authentication failed (method PLAIN)
C:/Users/SilEm147/Documents/1CLI/MAIOU/UniServerZ/core/msmtp/msmtp.exe: server message: 534-5.7.9 Please log in with your web browser and then try again. Learn more at
C:/Users/SilEm147/Documents/1CLI/MAIOU/UniServerZ/core/msmtp/msmtp.exe: server message: 534 5.7.9  https://support.google.com/mail/?p=WebLoginRequired e13sm27057350wrg.72 - gsmtp
C:/Users/SilEm147/Documents/1CLI/MAIOU/UniServerZ/core/msmtp/msmtp.exe: could not send mail (account default from C:/Users/SilEm147/Documents/1CLI/MAIOU/UniServerZ/core/msmtp/msmtprc.ini)
C:/Users/SilEm147/Documents/1CLI/MAIOU/UniServerZ/core/msmtp/msmtp.exe: authentication failed (method PLAIN)
C:/Users/SilEm147/Documents/1CLI/MAIOU/UniServerZ/core/msmtp/msmtp.exe: server message: 534-5.7.9 Please log in with your web browser and then try again. Learn more at
C:/Users/SilEm147/Documents/1CLI/MAIOU/UniServerZ/core/msmtp/msmtp.exe: server message: 534 5.7.9  https://support.google.com/mail/?p=WebLoginRequired p18sm22748108wrs.68 - gsmtp
C:/Users/SilEm147/Documents/1CLI/MAIOU/UniServerZ/core/msmtp/msmtp.exe: could not send mail (account default from C:/Users/SilEm147/Documents/1CLI/MAIOU/UniServerZ/core/msmtp/msmtprc.ini)
C:/Users/SilEm147/Documents/1CLI/MAIOU/UniServerZ/core/msmtp/msmtp.exe: authentication failed (method PLAIN)
C:/Users/SilEm147/Documents/1CLI/MAIOU/UniServerZ/core/msmtp/msmtp.exe: server message: 534-5.7.9 Please log in with your web browser and then try again. Learn more at
C:/Users/SilEm147/Documents/1CLI/MAIOU/UniServerZ/core/msmtp/msmtp.exe: server message: 534 5.7.9  https://support.google.com/mail/?p=WebLoginRequired p6sm22309491wru.2 - gsmtp
C:/Users/SilEm147/Documents/1CLI/MAIOU/UniServerZ/core/msmtp/msmtp.exe: could not send mail (account default from C:/Users/SilEm147/Documents/1CLI/MAIOU/UniServerZ/core/msmtp/msmtprc.ini)
C:/Users/SilEm147/Documents/1CLI/MAIOU/UniServerZ/core/msmtp/msmtp.exe: authentication failed (method PLAIN)
C:/Users/SilEm147/Documents/1CLI/MAIOU/UniServerZ/core/msmtp/msmtp.exe: server message: 534-5.7.9 Please log in with your web browser and then try again. Learn more at
C:/Users/SilEm147/Documents/1CLI/MAIOU/UniServerZ/core/msmtp/msmtp.exe: server message: 534 5.7.9  https://support.google.com/mail/?p=WebLoginRequired t188sm2542947wma.25 - gsmtp
C:/Users/SilEm147/Documents/1CLI/MAIOU/UniServerZ/core/msmtp/msmtp.exe: could not send mail (account default from C:/Users/SilEm147/Documents/1CLI/MAIOU/UniServerZ/core/msmtp/msmtprc.ini)
C:/Users/SilEm147/Documents/1CLI/MAIOU/UniServerZ/core/msmtp/msmtp.exe: authentication failed (method PLAIN)
C:/Users/SilEm147/Documents/1CLI/MAIOU/UniServerZ/core/msmtp/msmtp.exe: server message: 534-5.7.9 Please log in with your web browser and then try again. Learn more at
C:/Users/SilEm147/Documents/1CLI/MAIOU/UniServerZ/core/msmtp/msmtp.exe: server message: 534 5.7.9  https://support.google.com/mail/?p=WebLoginRequired s16sm23163822wru.91 - gsmtp
C:/Users/SilEm147/Documents/1CLI/MAIOU/UniServerZ/core/msmtp/msmtp.exe: could not send mail (account default from C:/Users/SilEm147/Documents/1CLI/MAIOU/UniServerZ/core/msmtp/msmtprc.ini)
C:/Users/SilEm147/Documents/1CLI/MAIOU/UniServerZ/core/msmtp/msmtp.exe: authentication failed (method PLAIN)
C:/Users/SilEm147/Documents/1CLI/MAIOU/UniServerZ/core/msmtp/msmtp.exe: server message: 534-5.7.9 Please log in with your web browser and then try again. Learn more at
C:/Users/SilEm147/Documents/1CLI/MAIOU/UniServerZ/core/msmtp/msmtp.exe: server message: 534 5.7.9  https://support.google.com/mail/?p=WebLoginRequired r10sm2675459wmh.45 - gsmtp
C:/Users/SilEm147/Documents/1CLI/MAIOU/UniServerZ/core/msmtp/msmtp.exe: could not send mail (account default from C:/Users/SilEm147/Documents/1CLI/MAIOU/UniServerZ/core/msmtp/msmtprc.ini)
[Tue Mar 23 13:59:37.685858 2021] [php7:error] [pid 11144:tid 1808] [client ::1:1987] PHP Parse error:  syntax error, unexpected '<' in C:\\Users\\SilEm147\\Documents\\1CLI\\MAIOU\\UniServerZ\\www\\test.php on line 8, referer: http://localhost/test.php?name=Silly&firstname=Emilien&email=emiliensilly2001%40gmail.com&phone=&streetAdress=Rue+des+ateliers&city=Bascharage&country=Luxembourg&postcode=4908&submit=Submit
[Tue Mar 23 13:59:38.617502 2021] [php7:error] [pid 11144:tid 1808] [client ::1:1987] PHP Parse error:  syntax error, unexpected '<' in C:\\Users\\SilEm147\\Documents\\1CLI\\MAIOU\\UniServerZ\\www\\test.php on line 8, referer: http://localhost/test.php?name=Silly&firstname=Emilien&email=emiliensilly2001%40gmail.com&phone=&streetAdress=Rue+des+ateliers&city=Bascharage&country=Luxembourg&postcode=4908&submit=Submit
[Tue Mar 30 12:58:24.493934 2021] [core:warn] [pid 10956:tid 568] AH00098: pid file C:/Users/SilEm147/Documents/1CLI/MAIOU/UniServerZ/core/apache2/logs/httpd.pid overwritten -- Unclean shutdown of previous Apache run?
[Tue Mar 30 12:58:24.716782 2021] [mpm_winnt:notice] [pid 10956:tid 568] AH00455: Apache/2.4.43 (Win32) PHP/7.4.5 configured -- resuming normal operations
[Tue Mar 30 12:58:24.716782 2021] [mpm_winnt:notice] [pid 10956:tid 568] AH00456: Apache Lounge VC15 Server built: Apr  1 2020 11:02:44
[Tue Mar 30 12:58:24.716782 2021] [core:notice] [pid 10956:tid 568] AH00094: Command line: 'C:\\Users\\SilEm147\\Documents\\1CLI\\MAIOU\\UniServerZ\\core\\apache2\\bin\\httpd_z.exe -d C:/Users/SilEm147/Documents/1CLI/MAIOU/UniServerZ/core/apache2 -f C:\\Users\\SilEm147\\Documents\\1CLI\\MAIOU\\UniServerZ\\core\\apache2\\conf\\httpd.conf -d C:\\Users\\SilEm147\\Documents\\1CLI\\MAIOU\\UniServerZ\\core\\apache2'
[Tue Mar 30 12:58:24.716782 2021] [mpm_winnt:notice] [pid 10956:tid 568] AH00418: Parent: Created child process 14940
[Tue Mar 30 12:58:25.832031 2021] [mpm_winnt:notice] [pid 14940:tid 712] AH00354: Child: Starting 150 worker threads.
[Tue Mar 30 12:58:25.846992 2021] [php7:error] [pid 14940:tid 1840] [client ::1:15410] script 'C:/Users/SilEm147/Documents/1CLI/MAIOU/UniServerZ/www/index.php' not found or unable to stat
[Tue Mar 30 12:58:30.172941 2021] [php7:error] [pid 14940:tid 1832] [client ::1:15411] script 'C:/Users/SilEm147/Documents/1CLI/MAIOU/UniServerZ/www/index.php' not found or unable to stat
[Tue Mar 30 12:58:31.069463 2021] [php7:error] [pid 14940:tid 1832] [client ::1:15411] script 'C:/Users/SilEm147/Documents/1CLI/MAIOU/UniServerZ/www/index.php' not found or unable to stat
[Tue Mar 30 13:00:56.527744 2021] [php7:error] [pid 14940:tid 1828] [client ::1:15521] script 'C:/Users/SilEm147/Documents/1CLI/MAIOU/UniServerZ/www/test.php' not found or unable to stat, referer: http://localhost/
[Tue Mar 30 13:01:05.368565 2021] [php7:error] [pid 14940:tid 1804] [client ::1:15522] script 'C:/Users/SilEm147/Documents/1CLI/MAIOU/UniServerZ/www/test.php' not found or unable to stat, referer: http://localhost/test.php
[Tue Mar 30 13:02:20.647020 2021] [php7:error] [pid 14940:tid 1828] [client ::1:15598] script 'C:/Users/SilEm147/Documents/1CLI/MAIOU/UniServerZ/www/test.php' not found or unable to stat, referer: http://localhost/test.php?name=Silly&firstname=Emilien&email=emiliensilly2001%40gmail.com&phone=&streetAdress=Rue+des+ateliers&city=Bascharage&country=Luxembourg&postcode=4908&submit=Submit
[Tue Apr 27 08:58:53.980537 2021] [core:warn] [pid 4396:tid 560] AH00098: pid file C:/Users/SilEm147/Documents/1CLI/MAIOU/UniServerZ/core/apache2/logs/httpd.pid overwritten -- Unclean shutdown of previous Apache run?
[Tue Apr 27 08:58:54.227903 2021] [mpm_winnt:notice] [pid 4396:tid 560] AH00455: Apache/2.4.43 (Win32) PHP/7.4.5 configured -- resuming normal operations
[Tue Apr 27 08:58:54.227903 2021] [mpm_winnt:notice] [pid 4396:tid 560] AH00456: Apache Lounge VC15 Server built: Apr  1 2020 11:02:44
[Tue Apr 27 08:58:54.227903 2021] [core:notice] [pid 4396:tid 560] AH00094: Command line: 'C:\\Users\\SilEm147\\Documents\\1CLI\\MAIOU\\UniServerZ\\core\\apache2\\bin\\httpd_z.exe -d C:/Users/SilEm147/Documents/1CLI/MAIOU/UniServerZ/core/apache2 -f C:\\Users\\SilEm147\\Documents\\1CLI\\MAIOU\\UniServerZ\\core\\apache2\\conf\\httpd.conf -d C:\\Users\\SilEm147\\Documents\\1CLI\\MAIOU\\UniServerZ\\core\\apache2'
[Tue Apr 27 08:58:54.227903 2021] [mpm_winnt:notice] [pid 4396:tid 560] AH00418: Parent: Created child process 18044
[Tue Apr 27 08:58:55.259282 2021] [mpm_winnt:notice] [pid 18044:tid 636] AH00354: Child: Starting 150 worker threads.
[Tue Apr 27 08:58:55.270253 2021] [php7:error] [pid 18044:tid 1844] [client ::1:29618] script 'C:/Users/SilEm147/Documents/1CLI/MAIOU/UniServerZ/www/index.php' not found or unable to stat
[Tue Apr 27 09:15:25.293307 2021] [core:warn] [pid 11032:tid 576] AH00098: pid file C:/Users/SilEm147/Documents/1CLI/MAIOU/UniServerZ/core/apache2/logs/httpd.pid overwritten -- Unclean shutdown of previous Apache run?
[Tue Apr 27 09:15:25.308408 2021] [mpm_winnt:notice] [pid 11032:tid 576] AH00455: Apache/2.4.43 (Win32) PHP/7.4.5 configured -- resuming normal operations
[Tue Apr 27 09:15:25.308408 2021] [mpm_winnt:notice] [pid 11032:tid 576] AH00456: Apache Lounge VC15 Server built: Apr  1 2020 11:02:44
[Tue Apr 27 09:15:25.308408 2021] [core:notice] [pid 11032:tid 576] AH00094: Command line: 'C:\\Users\\SilEm147\\Documents\\1CLI\\MAIOU\\UniServerZ\\core\\apache2\\bin\\httpd_z.exe -d C:/Users/SilEm147/Documents/1CLI/MAIOU/UniServerZ/core/apache2 -f C:\\Users\\SilEm147\\Documents\\1CLI\\MAIOU\\UniServerZ\\core\\apache2\\conf\\httpd.conf -d C:\\Users\\SilEm147\\Documents\\1CLI\\MAIOU\\UniServerZ\\core\\apache2'
[Tue Apr 27 09:15:25.313413 2021] [mpm_winnt:notice] [pid 11032:tid 576] AH00418: Parent: Created child process 4368
[Tue Apr 27 09:15:26.384334 2021] [mpm_winnt:notice] [pid 4368:tid 540] AH00354: Child: Starting 150 worker threads.
[Tue Apr 27 09:15:26.393382 2021] [php7:error] [pid 4368:tid 1840] [client ::1:1105] script 'C:/Users/SilEm147/Documents/1CLI/MAIOU/UniServerZ/www/index.php' not found or unable to stat
